[runner] 72 cases -> data/microbench_timing_c500.csv
[  1/72] pointwise_chain_k1     float16 R2048xC2048 regs= 45 spill=   0 occ=1.000 sp= 1.01x ben=1
[  2/72] pointwise_chain_k1     float32 R2048xC2048 regs= 48 spill=   0 occ=1.000 sp= 0.99x ben=0
[  3/72] pointwise_chain_k2     float16 R2048xC2048 regs= 46 spill=   0 occ=1.000 sp= 1.13x ben=1
[  4/72] pointwise_chain_k2     float32 R2048xC2048 regs= 57 spill=   0 occ=1.000 sp= 1.24x ben=1
[  5/72] pointwise_chain_k4     float16 R2048xC2048 regs= 46 spill=   0 occ=1.000 sp= 1.20x ben=1
[  6/72] pointwise_chain_k4     float32 R2048xC2048 regs= 57 spill=   0 occ=1.000 sp= 1.43x ben=1
[  7/72] pointwise_chain_k8     float16 R2048xC2048 regs= 46 spill=   0 occ=1.000 sp= 1.28x ben=1
[  8/72] pointwise_chain_k8     float32 R2048xC2048 regs= 57 spill=   0 occ=1.000 sp= 1.56x ben=1
[  9/72] pointwise_chain_k16    float16 R2048xC2048 regs= 46 spill=   0 occ=1.000 sp= 1.32x ben=1
[ 10/72] pointwise_chain_k16    float32 R2048xC2048 regs= 57 spill=   0 occ=1.000 sp= 1.62x ben=1
[ 11/72] pointwise_chain_k32    float16 R2048xC2048 regs= 46 spill=   0 occ=1.000 sp= 1.34x ben=1
[ 12/72] pointwise_chain_k32    float32 R2048xC2048 regs= 57 spill=   0 occ=1.000 sp= 1.65x ben=1
[ 13/72] pointwise_chain_k1     float16 R4096xC4096 regs= 45 spill=   0 occ=1.000 sp= 1.02x ben=1
[ 14/72] pointwise_chain_k1     float32 R4096xC4096 regs= 48 spill=   0 occ=1.000 sp= 1.00x ben=1
[ 15/72] pointwise_chain_k2     float16 R4096xC4096 regs= 46 spill=   0 occ=1.000 sp= 1.10x ben=1
[ 16/72] pointwise_chain_k2     float32 R4096xC4096 regs= 57 spill=   0 occ=1.000 sp= 1.37x ben=1
[ 17/72] pointwise_chain_k4     float16 R4096xC4096 regs= 46 spill=   0 occ=1.000 sp= 1.14x ben=1
[ 18/72] pointwise_chain_k4     float32 R4096xC4096 regs= 57 spill=   0 occ=1.000 sp= 1.45x ben=1
[ 19/72] pointwise_chain_k8     float16 R4096xC4096 regs= 46 spill=   0 occ=1.000 sp= 1.17x ben=1
[ 20/72] pointwise_chain_k8     float32 R4096xC4096 regs= 57 spill=   0 occ=1.000 sp= 1.49x ben=1
[ 21/72] pointwise_chain_k16    float16 R4096xC4096 regs= 46 spill=   0 occ=1.000 sp= 1.18x ben=1
[ 22/72] pointwise_chain_k16    float32 R4096xC4096 regs= 57 spill=   0 occ=1.000 sp= 1.52x ben=1
[ 23/72] pointwise_chain_k32    float16 R4096xC4096 regs= 46 spill=   0 occ=1.000 sp= 1.19x ben=1
[ 24/72] pointwise_chain_k32    float32 R4096xC4096 regs= 57 spill=   0 occ=1.000 sp= 1.53x ben=1
[ 25/72] pointwise_chain_k1     float16 R8192xC2048 regs= 45 spill=   0 occ=1.000 sp= 1.00x ben=1
[ 26/72] pointwise_chain_k1     float32 R8192xC2048 regs= 48 spill=   0 occ=1.000 sp= 1.00x ben=0
[ 27/72] pointwise_chain_k2     float16 R8192xC2048 regs= 46 spill=   0 occ=1.000 sp= 1.11x ben=1
[ 28/72] pointwise_chain_k2     float32 R8192xC2048 regs= 57 spill=   0 occ=1.000 sp= 1.37x ben=1
[ 29/72] pointwise_chain_k4     float16 R8192xC2048 regs= 46 spill=   0 occ=1.000 sp= 1.15x ben=1
[ 30/72] pointwise_chain_k4     float32 R8192xC2048 regs= 57 spill=   0 occ=1.000 sp= 1.45x ben=1
[ 31/72] pointwise_chain_k8     float16 R8192xC2048 regs= 46 spill=   0 occ=1.000 sp= 1.17x ben=1
[ 32/72] pointwise_chain_k8     float32 R8192xC2048 regs= 57 spill=   0 occ=1.000 sp= 1.49x ben=1
[ 33/72] pointwise_chain_k16    float16 R8192xC2048 regs= 46 spill=   0 occ=1.000 sp= 1.19x ben=1
[ 34/72] pointwise_chain_k16    float32 R8192xC2048 regs= 57 spill=   0 occ=1.000 sp= 1.52x ben=1
[ 35/72] pointwise_chain_k32    float16 R8192xC2048 regs= 46 spill=   0 occ=1.000 sp= 1.19x ben=1
[ 36/72] pointwise_chain_k32    float32 R8192xC2048 regs= 57 spill=   0 occ=1.000 sp= 1.53x ben=1
[ 37/72] pointwise_chain_k1     float16 R4096xC8192 regs= 45 spill=   0 occ=1.000 sp= 1.00x ben=1
[ 38/72] pointwise_chain_k1     float32 R4096xC8192 regs= 48 spill=   0 occ=1.000 sp= 1.00x ben=0
[ 39/72] pointwise_chain_k2     float16 R4096xC8192 regs= 46 spill=   0 occ=1.000 sp= 1.09x ben=1
[ 40/72] pointwise_chain_k2     float32 R4096xC8192 regs= 57 spill=   0 occ=1.000 sp= 1.39x ben=1
[ 41/72] pointwise_chain_k4     float16 R4096xC8192 regs= 46 spill=   0 occ=1.000 sp= 1.13x ben=1
[ 42/72] pointwise_chain_k4     float32 R4096xC8192 regs= 57 spill=   0 occ=1.000 sp= 1.45x ben=1
[ 43/72] pointwise_chain_k8     float16 R4096xC8192 regs= 46 spill=   0 occ=1.000 sp= 1.14x ben=1
[ 44/72] pointwise_chain_k8     float32 R4096xC8192 regs= 57 spill=   0 occ=1.000 sp= 1.48x ben=1
[ 45/72] pointwise_chain_k16    float16 R4096xC8192 regs= 46 spill=   0 occ=1.000 sp= 1.15x ben=1
[ 46/72] pointwise_chain_k16    float32 R4096xC8192 regs= 57 spill=   0 occ=1.000 sp= 1.49x ben=1
[ 47/72] pointwise_chain_k32    float16 R4096xC8192 regs= 46 spill=   0 occ=1.000 sp= 1.15x ben=1
[ 48/72] pointwise_chain_k32    float32 R4096xC8192 regs= 57 spill=   0 occ=1.000 sp= 1.50x ben=1
[ 49/72] sibling_redux_n32      float16 R1024xC1024 regs=256 spill= 100 occ=0.250 sp= 1.10x ben=1
[ 50/72] sibling_redux_n32      float32 R1024xC1024 regs=256 spill= 100 occ=0.250 sp= 0.68x ben=0
[ 51/72] sibling_redux_n64      float16 R1024xC1024 regs=256 spill= 524 occ=0.250 sp= 0.46x ben=0
[ 52/72] sibling_redux_n64      float32 R1024xC1024 regs=256 spill= 524 occ=0.250 sp= 0.29x ben=0
[ 53/72] sibling_redux_n128     float16 R1024xC1024 regs=256 spill= 844 occ=0.250 sp= 0.40x ben=0
[ 54/72] sibling_redux_n128     float32 R1024xC1024 regs=256 spill= 848 occ=0.250 sp= 0.25x ben=0
[ 55/72] sibling_redux_n32      float16 R2048xC2048 regs=256 spill= 100 occ=0.250 sp= 1.06x ben=1
[ 56/72] sibling_redux_n32      float32 R2048xC2048 regs=256 spill= 100 occ=0.250 sp= 0.63x ben=0
[ 57/72] sibling_redux_n64      float16 R2048xC2048 regs=256 spill= 524 occ=0.250 sp= 0.43x ben=0
[ 58/72] sibling_redux_n64      float32 R2048xC2048 regs=256 spill= 524 occ=0.250 sp= 0.27x ben=0
[ 59/72] sibling_redux_n128     float16 R2048xC2048 regs=256 spill= 844 occ=0.250 sp= 0.37x ben=0
[ 60/72] sibling_redux_n128     float32 R2048xC2048 regs=256 spill= 848 occ=0.250 sp= 0.23x ben=0
[ 61/72] sibling_redux_n32      float16 R4096xC1024 regs=256 spill= 100 occ=0.250 sp= 1.10x ben=1
[ 62/72] sibling_redux_n32      float32 R4096xC1024 regs=256 spill= 100 occ=0.250 sp= 0.74x ben=0
[ 63/72] sibling_redux_n64      float16 R4096xC1024 regs=256 spill= 524 occ=0.250 sp= 0.50x ben=0
[ 64/72] sibling_redux_n64      float32 R4096xC1024 regs=256 spill= 524 occ=0.250 sp= 0.36x ben=0
[ 65/72] sibling_redux_n128     float16 R4096xC1024 regs=256 spill= 844 occ=0.250 sp= 0.45x ben=0
[ 66/72] sibling_redux_n128     float32 R4096xC1024 regs=256 spill= 848 occ=0.250 sp= 0.33x ben=0
[ 67/72] sibling_redux_n32      float16 R2048xC4096 regs=256 spill= 100 occ=0.250 sp= 1.06x ben=1
[ 68/72] sibling_redux_n32      float32 R2048xC4096 regs=256 spill= 100 occ=0.250 sp= 0.63x ben=0
[ 69/72] sibling_redux_n64      float16 R2048xC4096 regs=256 spill= 524 occ=0.250 sp= 0.43x ben=0
[ 70/72] sibling_redux_n64      float32 R2048xC4096 regs=256 spill= 524 occ=0.250 sp= 0.27x ben=0
[ 71/72] sibling_redux_n128     float16 R2048xC4096 regs=256 spill= 844 occ=0.250 sp= 0.37x ben=0
[ 72/72] sibling_redux_n128     float32 R2048xC4096 regs=256 spill= 848 occ=0.250 sp= 0.23x ben=0
[runner] wrote 72 rows in 442.9s
