[runner] 104 cases -> data/microbench_timing.csv
[  1/104] pointwise_chain_k1     float16 R2048xC2048 regs= 18 spill=   0 occ=1.000 sp= 1.00x ben=0
[  2/104] pointwise_chain_k1     float32 R2048xC2048 regs= 21 spill=   0 occ=1.000 sp= 0.97x ben=0
[  3/104] pointwise_chain_k2     float16 R2048xC2048 regs= 19 spill=   0 occ=1.000 sp= 1.38x ben=1
[  4/104] pointwise_chain_k2     float32 R2048xC2048 regs= 25 spill=   0 occ=1.000 sp= 1.36x ben=1
[  5/104] pointwise_chain_k4     float16 R2048xC2048 regs= 19 spill=   0 occ=1.000 sp= 2.13x ben=1
[  6/104] pointwise_chain_k4     float32 R2048xC2048 regs= 24 spill=   0 occ=1.000 sp= 2.20x ben=1
[  7/104] pointwise_chain_k8     float16 R2048xC2048 regs= 19 spill=   0 occ=1.000 sp= 1.80x ben=1
[  8/104] pointwise_chain_k8     float32 R2048xC2048 regs= 23 spill=   0 occ=1.000 sp= 4.03x ben=1
[  9/104] pointwise_chain_k16    float16 R2048xC2048 regs= 19 spill=   0 occ=1.000 sp= 1.56x ben=1
[ 10/104] pointwise_chain_k16    float32 R2048xC2048 regs= 23 spill=   0 occ=1.000 sp= 4.91x ben=1
[ 11/104] pointwise_chain_k32    float16 R2048xC2048 regs= 19 spill=   0 occ=1.000 sp= 1.74x ben=1
[ 12/104] pointwise_chain_k32    float32 R2048xC2048 regs= 23 spill=   0 occ=1.000 sp= 5.06x ben=1
[ 13/104] pointwise_chain_k1     float16 R4096xC4096 regs= 18 spill=   0 occ=1.000 sp= 1.00x ben=1
[ 14/104] pointwise_chain_k1     float32 R4096xC4096 regs= 21 spill=   0 occ=1.000 sp= 1.02x ben=1
[ 15/104] pointwise_chain_k2     float16 R4096xC4096 regs= 19 spill=   0 occ=1.000 sp= 2.00x ben=1
[ 16/104] pointwise_chain_k2     float32 R4096xC4096 regs= 25 spill=   0 occ=1.000 sp= 1.99x ben=1
[ 17/104] pointwise_chain_k4     float16 R4096xC4096 regs= 19 spill=   0 occ=1.000 sp= 3.15x ben=1
[ 18/104] pointwise_chain_k4     float32 R4096xC4096 regs= 24 spill=   0 occ=1.000 sp= 4.08x ben=1
[ 19/104] pointwise_chain_k8     float16 R4096xC4096 regs= 19 spill=   0 occ=1.000 sp= 3.89x ben=1
[ 20/104] pointwise_chain_k8     float32 R4096xC4096 regs= 23 spill=   0 occ=1.000 sp= 6.55x ben=1
[ 21/104] pointwise_chain_k16    float16 R4096xC4096 regs= 19 spill=   0 occ=1.000 sp= 4.08x ben=1
[ 22/104] pointwise_chain_k16    float32 R4096xC4096 regs= 23 spill=   0 occ=1.000 sp= 8.27x ben=1
[ 23/104] pointwise_chain_k32    float16 R4096xC4096 regs= 19 spill=   0 occ=1.000 sp= 4.16x ben=1
[ 24/104] pointwise_chain_k32    float32 R4096xC4096 regs= 23 spill=   0 occ=1.000 sp= 8.10x ben=1
[ 25/104] pointwise_chain_k1     float16 R8192xC2048 regs= 18 spill=   0 occ=1.000 sp= 1.00x ben=0
[ 26/104] pointwise_chain_k1     float32 R8192xC2048 regs= 21 spill=   0 occ=1.000 sp= 1.02x ben=1
[ 27/104] pointwise_chain_k2     float16 R8192xC2048 regs= 19 spill=   0 occ=1.000 sp= 2.00x ben=1
[ 28/104] pointwise_chain_k2     float32 R8192xC2048 regs= 25 spill=   0 occ=1.000 sp= 2.01x ben=1
[ 29/104] pointwise_chain_k4     float16 R8192xC2048 regs= 19 spill=   0 occ=1.000 sp= 2.76x ben=1
[ 30/104] pointwise_chain_k4     float32 R8192xC2048 regs= 24 spill=   0 occ=1.000 sp= 4.02x ben=1
[ 31/104] pointwise_chain_k8     float16 R8192xC2048 regs= 19 spill=   0 occ=1.000 sp= 3.51x ben=1
[ 32/104] pointwise_chain_k8     float32 R8192xC2048 regs= 23 spill=   0 occ=1.000 sp= 6.32x ben=1
[ 33/104] pointwise_chain_k16    float16 R8192xC2048 regs= 19 spill=   0 occ=1.000 sp= 4.09x ben=1
[ 34/104] pointwise_chain_k16    float32 R8192xC2048 regs= 23 spill=   0 occ=1.000 sp= 7.86x ben=1
[ 35/104] pointwise_chain_k32    float16 R8192xC2048 regs= 19 spill=   0 occ=1.000 sp= 5.30x ben=1
[ 36/104] pointwise_chain_k32    float32 R8192xC2048 regs= 23 spill=   0 occ=1.000 sp= 8.59x ben=1
[ 37/104] pointwise_chain_k1     float16 R4096xC8192 regs= 18 spill=   0 occ=1.000 sp= 0.99x ben=0
[ 38/104] pointwise_chain_k1     float32 R4096xC8192 regs= 21 spill=   0 occ=1.000 sp= 1.00x ben=1
[ 39/104] pointwise_chain_k2     float16 R4096xC8192 regs= 19 spill=   0 occ=1.000 sp= 1.99x ben=1
[ 40/104] pointwise_chain_k2     float32 R4096xC8192 regs= 25 spill=   0 occ=1.000 sp= 2.04x ben=1
[ 41/104] pointwise_chain_k4     float16 R4096xC8192 regs= 19 spill=   0 occ=1.000 sp= 2.30x ben=1
[ 42/104] pointwise_chain_k4     float32 R4096xC8192 regs= 24 spill=   0 occ=1.000 sp= 4.05x ben=1
[ 43/104] pointwise_chain_k8     float16 R4096xC8192 regs= 19 spill=   0 occ=1.000 sp= 3.35x ben=1
[ 44/104] pointwise_chain_k8     float32 R4096xC8192 regs= 23 spill=   0 occ=1.000 sp= 5.62x ben=1
[ 45/104] pointwise_chain_k16    float16 R4096xC8192 regs= 19 spill=   0 occ=1.000 sp= 3.79x ben=1
[ 46/104] pointwise_chain_k16    float32 R4096xC8192 regs= 23 spill=   0 occ=1.000 sp= 7.53x ben=1
[ 47/104] pointwise_chain_k32    float16 R4096xC8192 regs= 19 spill=   0 occ=1.000 sp= 5.22x ben=1
[ 48/104] pointwise_chain_k32    float32 R4096xC8192 regs= 23 spill=   0 occ=1.000 sp= 8.13x ben=1
[ 49/104] sibling_redux_n8       float16 R1024xC1024 regs=128 spill=   0 occ=0.333 sp= 1.00x ben=1
[ 50/104] sibling_redux_n8       float32 R1024xC1024 regs= 72 spill=   0 occ=0.583 sp= 1.00x ben=0
[ 51/104] sibling_redux_n16      float16 R1024xC1024 regs=128 spill=   0 occ=0.333 sp= 1.00x ben=0
[ 52/104] sibling_redux_n16      float32 R1024xC1024 regs=128 spill=   0 occ=0.333 sp= 1.04x ben=1
[ 53/104] sibling_redux_n32      float16 R1024xC1024 regs=255 spill=   0 occ=0.167 sp= 1.08x ben=1
[ 54/104] sibling_redux_n32      float32 R1024xC1024 regs=255 spill=   0 occ=0.167 sp= 1.08x ben=1
[ 55/104] SKIP reduction/{'R': 1024, 'C': 1024, 'NOUT': 48, 'GS': 16, 'dtype': 'float16'}: CompilationError: at 8:14:
def _sibling_redux(x_ptr, w_ptr, o_ptr, R, C, j0, WIDTH: tl.constexpr, NOUT_TOTAL: tl.const
Traceback (most recent call last):
  File "/home/shuhan/miniconda3/envs/profiling/lib/python3.13/site-packages/triton/language/core.py", line 34, in wrapper
    return fn(*args, **kwargs)
  File "/home/shuhan/miniconda3/envs/profiling/lib/python3.13/site-packages/triton/language/core.py", line 1451, in arange
    return semantic.arange(start, end, _builder)
           ~~~~~~~~~~~~~~~^^^^^^^^^^^^^^^^^^^^^^
  File "/home/shuhan/miniconda3/envs/profiling/lib/python3.13/site-packages/triton/language/semantic.py", line 623, in arange
    raise ValueError("arange's range must be a power of 2")
ValueError: arange's range must be a power of 2

The above exception was the direct cause of the following exception:

Traceback (most recent call last):
  File "/home/shuhan/fusion-anaylsis/fusion/runner.py", line 83, in main
    row = run_case(family, params)
  File "/home/shuhan/fusion-anaylsis/fusion/runner.py", line 41, in run_case
    case, dtype = build(family, params)
                  ~~~~~^^^^^^^^^^^^^^^^
  File "/home/shuhan/fusion-anaylsis/fusion/runner.py", line 23, in build
    return FAMILIES[family].make_case(dtype=dtype, **params_wo_dtype(params)), dtype
           ~~~~~~~~~~~~~~~~~~~~~~~~~~^^^^^^^^^^^^^^^^^^^^^^^^^^^^^^^^^^^^^^^^
  File "/home/shuhan/fusion-anaylsis/fusion/kernels/reduction.py", line 65, in make_case
    fk = _sibling_redux[grid_r](x, w, o, R, C, 0, WIDTH=NOUT, NOUT_TOTAL=NOUT,
                                BLOCK_R=BLOCK_R, BLOCK_C=BLOCK_C, num_warps=num_warps)
  File "/home/shuhan/miniconda3/envs/profiling/lib/python3.13/site-packages/triton/runtime/jit.py", line 347, in <lambda>
    return lambda *args, **kwargs: self.run(grid=grid, warmup=False, *args, **kwargs)
                                   ~~~~~~~~^^^^^^^^^^^^^^^^^^^^^^^^^^^^^^^^^^^^^^^^^^
  File "/home/shuhan/miniconda3/envs/profiling/lib/python3.13/site-packages/triton/runtime/jit.py", line 569, in run
    kernel = self.compile(src, target=target, options=options.__dict__)
  File "/home/shuhan/miniconda3/envs/profiling/lib/python3.13/site-packages/triton/compiler/compiler.py", line 278, in compile
    module = src.make_ir(options, codegen_fns, module_map, context)
  File "/home/shuhan/miniconda3/envs/profiling/lib/python3.13/site-packages/triton/compiler/compiler.py", line 81, in make_ir
    return ast_to_ttir(self.fn, self, context=context, options=options, codegen_fns=codegen_fns,
                       module_map=module_map)
triton.compiler.errors.CompilationError: at 8:14:
def _sibling_redux(x_ptr, w_ptr, o_ptr, R, C, j0, WIDTH: tl.constexpr, NOUT_TOTAL: tl.constexpr,
                   BLOCK_R: tl.constexpr, BLOCK_C: tl.constexpr):
    """Compute WIDTH output columns [j0, j0+WIDTH) for a row-tile. gelu(X) @ W[j0:j0+WIDTH]^T
    via a broadcast reduction (no tensor cores) so registers scale with WIDTH."""
    pid = tl.program_id(0)
    rows = pid * BLOCK_R + tl.arange(0, BLOCK_R)
    rmask = rows < R
    ns = j0 + tl.arange(0, WIDTH)
              ^
[ 56/104] SKIP reduction/{'R': 1024, 'C': 1024, 'NOUT': 48, 'GS': 16, 'dtype': 'float32'}: CompilationError: at 8:14:
def _sibling_redux(x_ptr, w_ptr, o_ptr, R, C, j0, WIDTH: tl.constexpr, NOUT_TOTAL: tl.const
Traceback (most recent call last):
  File "/home/shuhan/miniconda3/envs/profiling/lib/python3.13/site-packages/triton/language/core.py", line 34, in wrapper
    return fn(*args, **kwargs)
  File "/home/shuhan/miniconda3/envs/profiling/lib/python3.13/site-packages/triton/language/core.py", line 1451, in arange
    return semantic.arange(start, end, _builder)
           ~~~~~~~~~~~~~~~^^^^^^^^^^^^^^^^^^^^^^
  File "/home/shuhan/miniconda3/envs/profiling/lib/python3.13/site-packages/triton/language/semantic.py", line 623, in arange
    raise ValueError("arange's range must be a power of 2")
ValueError: arange's range must be a power of 2

The above exception was the direct cause of the following exception:

Traceback (most recent call last):
  File "/home/shuhan/fusion-anaylsis/fusion/runner.py", line 83, in main
    row = run_case(family, params)
  File "/home/shuhan/fusion-anaylsis/fusion/runner.py", line 41, in run_case
    case, dtype = build(family, params)
                  ~~~~~^^^^^^^^^^^^^^^^
  File "/home/shuhan/fusion-anaylsis/fusion/runner.py", line 23, in build
    return FAMILIES[family].make_case(dtype=dtype, **params_wo_dtype(params)), dtype
           ~~~~~~~~~~~~~~~~~~~~~~~~~~^^^^^^^^^^^^^^^^^^^^^^^^^^^^^^^^^^^^^^^^
  File "/home/shuhan/fusion-anaylsis/fusion/kernels/reduction.py", line 65, in make_case
    fk = _sibling_redux[grid_r](x, w, o, R, C, 0, WIDTH=NOUT, NOUT_TOTAL=NOUT,
                                BLOCK_R=BLOCK_R, BLOCK_C=BLOCK_C, num_warps=num_warps)
  File "/home/shuhan/miniconda3/envs/profiling/lib/python3.13/site-packages/triton/runtime/jit.py", line 347, in <lambda>
    return lambda *args, **kwargs: self.run(grid=grid, warmup=False, *args, **kwargs)
                                   ~~~~~~~~^^^^^^^^^^^^^^^^^^^^^^^^^^^^^^^^^^^^^^^^^^
  File "/home/shuhan/miniconda3/envs/profiling/lib/python3.13/site-packages/triton/runtime/jit.py", line 569, in run
    kernel = self.compile(src, target=target, options=options.__dict__)
  File "/home/shuhan/miniconda3/envs/profiling/lib/python3.13/site-packages/triton/compiler/compiler.py", line 278, in compile
    module = src.make_ir(options, codegen_fns, module_map, context)
  File "/home/shuhan/miniconda3/envs/profiling/lib/python3.13/site-packages/triton/compiler/compiler.py", line 81, in make_ir
    return ast_to_ttir(self.fn, self, context=context, options=options, codegen_fns=codegen_fns,
                       module_map=module_map)
triton.compiler.errors.CompilationError: at 8:14:
def _sibling_redux(x_ptr, w_ptr, o_ptr, R, C, j0, WIDTH: tl.constexpr, NOUT_TOTAL: tl.constexpr,
                   BLOCK_R: tl.constexpr, BLOCK_C: tl.constexpr):
    """Compute WIDTH output columns [j0, j0+WIDTH) for a row-tile. gelu(X) @ W[j0:j0+WIDTH]^T
    via a broadcast reduction (no tensor cores) so registers scale with WIDTH."""
    pid = tl.program_id(0)
    rows = pid * BLOCK_R + tl.arange(0, BLOCK_R)
    rmask = rows < R
    ns = j0 + tl.arange(0, WIDTH)
              ^
[ 57/104] sibling_redux_n64      float16 R1024xC1024 regs=255 spill= 300 occ=0.167 sp= 0.09x ben=0
[ 58/104] sibling_redux_n64      float32 R1024xC1024 regs=255 spill= 310 occ=0.167 sp= 0.08x ben=0
[ 59/104] SKIP reduction/{'R': 1024, 'C': 1024, 'NOUT': 96, 'GS': 16, 'dtype': 'float16'}: CompilationError: at 8:14:
def _sibling_redux(x_ptr, w_ptr, o_ptr, R, C, j0, WIDTH: tl.constexpr, NOUT_TOTAL: tl.const
Traceback (most recent call last):
  File "/home/shuhan/miniconda3/envs/profiling/lib/python3.13/site-packages/triton/language/core.py", line 34, in wrapper
    return fn(*args, **kwargs)
  File "/home/shuhan/miniconda3/envs/profiling/lib/python3.13/site-packages/triton/language/core.py", line 1451, in arange
    return semantic.arange(start, end, _builder)
           ~~~~~~~~~~~~~~~^^^^^^^^^^^^^^^^^^^^^^
  File "/home/shuhan/miniconda3/envs/profiling/lib/python3.13/site-packages/triton/language/semantic.py", line 623, in arange
    raise ValueError("arange's range must be a power of 2")
ValueError: arange's range must be a power of 2

The above exception was the direct cause of the following exception:

Traceback (most recent call last):
  File "/home/shuhan/fusion-anaylsis/fusion/runner.py", line 83, in main
    row = run_case(family, params)
  File "/home/shuhan/fusion-anaylsis/fusion/runner.py", line 41, in run_case
    case, dtype = build(family, params)
                  ~~~~~^^^^^^^^^^^^^^^^
  File "/home/shuhan/fusion-anaylsis/fusion/runner.py", line 23, in build
    return FAMILIES[family].make_case(dtype=dtype, **params_wo_dtype(params)), dtype
           ~~~~~~~~~~~~~~~~~~~~~~~~~~^^^^^^^^^^^^^^^^^^^^^^^^^^^^^^^^^^^^^^^^
  File "/home/shuhan/fusion-anaylsis/fusion/kernels/reduction.py", line 65, in make_case
    fk = _sibling_redux[grid_r](x, w, o, R, C, 0, WIDTH=NOUT, NOUT_TOTAL=NOUT,
                                BLOCK_R=BLOCK_R, BLOCK_C=BLOCK_C, num_warps=num_warps)
  File "/home/shuhan/miniconda3/envs/profiling/lib/python3.13/site-packages/triton/runtime/jit.py", line 347, in <lambda>
    return lambda *args, **kwargs: self.run(grid=grid, warmup=False, *args, **kwargs)
                                   ~~~~~~~~^^^^^^^^^^^^^^^^^^^^^^^^^^^^^^^^^^^^^^^^^^
  File "/home/shuhan/miniconda3/envs/profiling/lib/python3.13/site-packages/triton/runtime/jit.py", line 569, in run
    kernel = self.compile(src, target=target, options=options.__dict__)
  File "/home/shuhan/miniconda3/envs/profiling/lib/python3.13/site-packages/triton/compiler/compiler.py", line 278, in compile
    module = src.make_ir(options, codegen_fns, module_map, context)
  File "/home/shuhan/miniconda3/envs/profiling/lib/python3.13/site-packages/triton/compiler/compiler.py", line 81, in make_ir
    return ast_to_ttir(self.fn, self, context=context, options=options, codegen_fns=codegen_fns,
                       module_map=module_map)
triton.compiler.errors.CompilationError: at 8:14:
def _sibling_redux(x_ptr, w_ptr, o_ptr, R, C, j0, WIDTH: tl.constexpr, NOUT_TOTAL: tl.constexpr,
                   BLOCK_R: tl.constexpr, BLOCK_C: tl.constexpr):
    """Compute WIDTH output columns [j0, j0+WIDTH) for a row-tile. gelu(X) @ W[j0:j0+WIDTH]^T
    via a broadcast reduction (no tensor cores) so registers scale with WIDTH."""
    pid = tl.program_id(0)
    rows = pid * BLOCK_R + tl.arange(0, BLOCK_R)
    rmask = rows < R
    ns = j0 + tl.arange(0, WIDTH)
              ^
[ 60/104] SKIP reduction/{'R': 1024, 'C': 1024, 'NOUT': 96, 'GS': 16, 'dtype': 'float32'}: CompilationError: at 8:14:
def _sibling_redux(x_ptr, w_ptr, o_ptr, R, C, j0, WIDTH: tl.constexpr, NOUT_TOTAL: tl.const
Traceback (most recent call last):
  File "/home/shuhan/miniconda3/envs/profiling/lib/python3.13/site-packages/triton/language/core.py", line 34, in wrapper
    return fn(*args, **kwargs)
  File "/home/shuhan/miniconda3/envs/profiling/lib/python3.13/site-packages/triton/language/core.py", line 1451, in arange
    return semantic.arange(start, end, _builder)
           ~~~~~~~~~~~~~~~^^^^^^^^^^^^^^^^^^^^^^
  File "/home/shuhan/miniconda3/envs/profiling/lib/python3.13/site-packages/triton/language/semantic.py", line 623, in arange
    raise ValueError("arange's range must be a power of 2")
ValueError: arange's range must be a power of 2

The above exception was the direct cause of the following exception:

Traceback (most recent call last):
  File "/home/shuhan/fusion-anaylsis/fusion/runner.py", line 83, in main
    row = run_case(family, params)
  File "/home/shuhan/fusion-anaylsis/fusion/runner.py", line 41, in run_case
    case, dtype = build(family, params)
                  ~~~~~^^^^^^^^^^^^^^^^
  File "/home/shuhan/fusion-anaylsis/fusion/runner.py", line 23, in build
    return FAMILIES[family].make_case(dtype=dtype, **params_wo_dtype(params)), dtype
           ~~~~~~~~~~~~~~~~~~~~~~~~~~^^^^^^^^^^^^^^^^^^^^^^^^^^^^^^^^^^^^^^^^
  File "/home/shuhan/fusion-anaylsis/fusion/kernels/reduction.py", line 65, in make_case
    fk = _sibling_redux[grid_r](x, w, o, R, C, 0, WIDTH=NOUT, NOUT_TOTAL=NOUT,
                                BLOCK_R=BLOCK_R, BLOCK_C=BLOCK_C, num_warps=num_warps)
  File "/home/shuhan/miniconda3/envs/profiling/lib/python3.13/site-packages/triton/runtime/jit.py", line 347, in <lambda>
    return lambda *args, **kwargs: self.run(grid=grid, warmup=False, *args, **kwargs)
                                   ~~~~~~~~^^^^^^^^^^^^^^^^^^^^^^^^^^^^^^^^^^^^^^^^^^
  File "/home/shuhan/miniconda3/envs/profiling/lib/python3.13/site-packages/triton/runtime/jit.py", line 569, in run
    kernel = self.compile(src, target=target, options=options.__dict__)
  File "/home/shuhan/miniconda3/envs/profiling/lib/python3.13/site-packages/triton/compiler/compiler.py", line 278, in compile
    module = src.make_ir(options, codegen_fns, module_map, context)
  File "/home/shuhan/miniconda3/envs/profiling/lib/python3.13/site-packages/triton/compiler/compiler.py", line 81, in make_ir
    return ast_to_ttir(self.fn, self, context=context, options=options, codegen_fns=codegen_fns,
                       module_map=module_map)
triton.compiler.errors.CompilationError: at 8:14:
def _sibling_redux(x_ptr, w_ptr, o_ptr, R, C, j0, WIDTH: tl.constexpr, NOUT_TOTAL: tl.constexpr,
                   BLOCK_R: tl.constexpr, BLOCK_C: tl.constexpr):
    """Compute WIDTH output columns [j0, j0+WIDTH) for a row-tile. gelu(X) @ W[j0:j0+WIDTH]^T
    via a broadcast reduction (no tensor cores) so registers scale with WIDTH."""
    pid = tl.program_id(0)
    rows = pid * BLOCK_R + tl.arange(0, BLOCK_R)
    rmask = rows < R
    ns = j0 + tl.arange(0, WIDTH)
              ^
[ 61/104] sibling_redux_n128     float16 R1024xC1024 regs= 40 spill=1986 occ=1.000 sp= 0.01x ben=0
[ 62/104] sibling_redux_n128     float32 R1024xC1024 regs= 40 spill=1868 occ=1.000 sp= 0.01x ben=0
[ 63/104] sibling_redux_n8       float16 R2048xC2048 regs=128 spill=   0 occ=0.333 sp= 1.19x ben=1
[ 64/104] sibling_redux_n8       float32 R2048xC2048 regs= 72 spill=   0 occ=0.583 sp= 1.02x ben=1
[ 65/104] sibling_redux_n16      float16 R2048xC2048 regs=128 spill=   0 occ=0.333 sp= 0.93x ben=0
[ 66/104] sibling_redux_n16      float32 R2048xC2048 regs=128 spill=   0 occ=0.333 sp= 0.99x ben=0
[ 67/104] sibling_redux_n32      float16 R2048xC2048 regs=255 spill=   0 occ=0.167 sp= 1.09x ben=1
[ 68/104] sibling_redux_n32      float32 R2048xC2048 regs=255 spill=   0 occ=0.167 sp= 1.01x ben=1
[ 69/104] SKIP reduction/{'R': 2048, 'C': 2048, 'NOUT': 48, 'GS': 16, 'dtype': 'float16'}: CompilationError: at 8:14:
def _sibling_redux(x_ptr, w_ptr, o_ptr, R, C, j0, WIDTH: tl.constexpr, NOUT_TOTAL: tl.const
Traceback (most recent call last):
  File "/home/shuhan/miniconda3/envs/profiling/lib/python3.13/site-packages/triton/language/core.py", line 34, in wrapper
    return fn(*args, **kwargs)
  File "/home/shuhan/miniconda3/envs/profiling/lib/python3.13/site-packages/triton/language/core.py", line 1451, in arange
    return semantic.arange(start, end, _builder)
           ~~~~~~~~~~~~~~~^^^^^^^^^^^^^^^^^^^^^^
  File "/home/shuhan/miniconda3/envs/profiling/lib/python3.13/site-packages/triton/language/semantic.py", line 623, in arange
    raise ValueError("arange's range must be a power of 2")
ValueError: arange's range must be a power of 2

The above exception was the direct cause of the following exception:

Traceback (most recent call last):
  File "/home/shuhan/fusion-anaylsis/fusion/runner.py", line 83, in main
    row = run_case(family, params)
  File "/home/shuhan/fusion-anaylsis/fusion/runner.py", line 41, in run_case
    case, dtype = build(family, params)
                  ~~~~~^^^^^^^^^^^^^^^^
  File "/home/shuhan/fusion-anaylsis/fusion/runner.py", line 23, in build
    return FAMILIES[family].make_case(dtype=dtype, **params_wo_dtype(params)), dtype
           ~~~~~~~~~~~~~~~~~~~~~~~~~~^^^^^^^^^^^^^^^^^^^^^^^^^^^^^^^^^^^^^^^^
  File "/home/shuhan/fusion-anaylsis/fusion/kernels/reduction.py", line 65, in make_case
    fk = _sibling_redux[grid_r](x, w, o, R, C, 0, WIDTH=NOUT, NOUT_TOTAL=NOUT,
                                BLOCK_R=BLOCK_R, BLOCK_C=BLOCK_C, num_warps=num_warps)
  File "/home/shuhan/miniconda3/envs/profiling/lib/python3.13/site-packages/triton/runtime/jit.py", line 347, in <lambda>
    return lambda *args, **kwargs: self.run(grid=grid, warmup=False, *args, **kwargs)
                                   ~~~~~~~~^^^^^^^^^^^^^^^^^^^^^^^^^^^^^^^^^^^^^^^^^^
  File "/home/shuhan/miniconda3/envs/profiling/lib/python3.13/site-packages/triton/runtime/jit.py", line 569, in run
    kernel = self.compile(src, target=target, options=options.__dict__)
  File "/home/shuhan/miniconda3/envs/profiling/lib/python3.13/site-packages/triton/compiler/compiler.py", line 278, in compile
    module = src.make_ir(options, codegen_fns, module_map, context)
  File "/home/shuhan/miniconda3/envs/profiling/lib/python3.13/site-packages/triton/compiler/compiler.py", line 81, in make_ir
    return ast_to_ttir(self.fn, self, context=context, options=options, codegen_fns=codegen_fns,
                       module_map=module_map)
triton.compiler.errors.CompilationError: at 8:14:
def _sibling_redux(x_ptr, w_ptr, o_ptr, R, C, j0, WIDTH: tl.constexpr, NOUT_TOTAL: tl.constexpr,
                   BLOCK_R: tl.constexpr, BLOCK_C: tl.constexpr):
    """Compute WIDTH output columns [j0, j0+WIDTH) for a row-tile. gelu(X) @ W[j0:j0+WIDTH]^T
    via a broadcast reduction (no tensor cores) so registers scale with WIDTH."""
    pid = tl.program_id(0)
    rows = pid * BLOCK_R + tl.arange(0, BLOCK_R)
    rmask = rows < R
    ns = j0 + tl.arange(0, WIDTH)
              ^
[ 70/104] SKIP reduction/{'R': 2048, 'C': 2048, 'NOUT': 48, 'GS': 16, 'dtype': 'float32'}: CompilationError: at 8:14:
def _sibling_redux(x_ptr, w_ptr, o_ptr, R, C, j0, WIDTH: tl.constexpr, NOUT_TOTAL: tl.const
Traceback (most recent call last):
  File "/home/shuhan/miniconda3/envs/profiling/lib/python3.13/site-packages/triton/language/core.py", line 34, in wrapper
    return fn(*args, **kwargs)
  File "/home/shuhan/miniconda3/envs/profiling/lib/python3.13/site-packages/triton/language/core.py", line 1451, in arange
    return semantic.arange(start, end, _builder)
           ~~~~~~~~~~~~~~~^^^^^^^^^^^^^^^^^^^^^^
  File "/home/shuhan/miniconda3/envs/profiling/lib/python3.13/site-packages/triton/language/semantic.py", line 623, in arange
    raise ValueError("arange's range must be a power of 2")
ValueError: arange's range must be a power of 2

The above exception was the direct cause of the following exception:

Traceback (most recent call last):
  File "/home/shuhan/fusion-anaylsis/fusion/runner.py", line 83, in main
    row = run_case(family, params)
  File "/home/shuhan/fusion-anaylsis/fusion/runner.py", line 41, in run_case
    case, dtype = build(family, params)
                  ~~~~~^^^^^^^^^^^^^^^^
  File "/home/shuhan/fusion-anaylsis/fusion/runner.py", line 23, in build
    return FAMILIES[family].make_case(dtype=dtype, **params_wo_dtype(params)), dtype
           ~~~~~~~~~~~~~~~~~~~~~~~~~~^^^^^^^^^^^^^^^^^^^^^^^^^^^^^^^^^^^^^^^^
  File "/home/shuhan/fusion-anaylsis/fusion/kernels/reduction.py", line 65, in make_case
    fk = _sibling_redux[grid_r](x, w, o, R, C, 0, WIDTH=NOUT, NOUT_TOTAL=NOUT,
                                BLOCK_R=BLOCK_R, BLOCK_C=BLOCK_C, num_warps=num_warps)
  File "/home/shuhan/miniconda3/envs/profiling/lib/python3.13/site-packages/triton/runtime/jit.py", line 347, in <lambda>
    return lambda *args, **kwargs: self.run(grid=grid, warmup=False, *args, **kwargs)
                                   ~~~~~~~~^^^^^^^^^^^^^^^^^^^^^^^^^^^^^^^^^^^^^^^^^^
  File "/home/shuhan/miniconda3/envs/profiling/lib/python3.13/site-packages/triton/runtime/jit.py", line 569, in run
    kernel = self.compile(src, target=target, options=options.__dict__)
  File "/home/shuhan/miniconda3/envs/profiling/lib/python3.13/site-packages/triton/compiler/compiler.py", line 278, in compile
    module = src.make_ir(options, codegen_fns, module_map, context)
  File "/home/shuhan/miniconda3/envs/profiling/lib/python3.13/site-packages/triton/compiler/compiler.py", line 81, in make_ir
    return ast_to_ttir(self.fn, self, context=context, options=options, codegen_fns=codegen_fns,
                       module_map=module_map)
triton.compiler.errors.CompilationError: at 8:14:
def _sibling_redux(x_ptr, w_ptr, o_ptr, R, C, j0, WIDTH: tl.constexpr, NOUT_TOTAL: tl.constexpr,
                   BLOCK_R: tl.constexpr, BLOCK_C: tl.constexpr):
    """Compute WIDTH output columns [j0, j0+WIDTH) for a row-tile. gelu(X) @ W[j0:j0+WIDTH]^T
    via a broadcast reduction (no tensor cores) so registers scale with WIDTH."""
    pid = tl.program_id(0)
    rows = pid * BLOCK_R + tl.arange(0, BLOCK_R)
    rmask = rows < R
    ns = j0 + tl.arange(0, WIDTH)
              ^
[ 71/104] sibling_redux_n64      float16 R2048xC2048 regs=255 spill= 300 occ=0.167 sp= 0.06x ben=0
[ 72/104] sibling_redux_n64      float32 R2048xC2048 regs=255 spill= 310 occ=0.167 sp= 0.05x ben=0
[ 73/104] SKIP reduction/{'R': 2048, 'C': 2048, 'NOUT': 96, 'GS': 16, 'dtype': 'float16'}: CompilationError: at 8:14:
def _sibling_redux(x_ptr, w_ptr, o_ptr, R, C, j0, WIDTH: tl.constexpr, NOUT_TOTAL: tl.const
Traceback (most recent call last):
  File "/home/shuhan/miniconda3/envs/profiling/lib/python3.13/site-packages/triton/language/core.py", line 34, in wrapper
    return fn(*args, **kwargs)
  File "/home/shuhan/miniconda3/envs/profiling/lib/python3.13/site-packages/triton/language/core.py", line 1451, in arange
    return semantic.arange(start, end, _builder)
           ~~~~~~~~~~~~~~~^^^^^^^^^^^^^^^^^^^^^^
  File "/home/shuhan/miniconda3/envs/profiling/lib/python3.13/site-packages/triton/language/semantic.py", line 623, in arange
    raise ValueError("arange's range must be a power of 2")
ValueError: arange's range must be a power of 2

The above exception was the direct cause of the following exception:

Traceback (most recent call last):
  File "/home/shuhan/fusion-anaylsis/fusion/runner.py", line 83, in main
    row = run_case(family, params)
  File "/home/shuhan/fusion-anaylsis/fusion/runner.py", line 41, in run_case
    case, dtype = build(family, params)
                  ~~~~~^^^^^^^^^^^^^^^^
  File "/home/shuhan/fusion-anaylsis/fusion/runner.py", line 23, in build
    return FAMILIES[family].make_case(dtype=dtype, **params_wo_dtype(params)), dtype
           ~~~~~~~~~~~~~~~~~~~~~~~~~~^^^^^^^^^^^^^^^^^^^^^^^^^^^^^^^^^^^^^^^^
  File "/home/shuhan/fusion-anaylsis/fusion/kernels/reduction.py", line 65, in make_case
    fk = _sibling_redux[grid_r](x, w, o, R, C, 0, WIDTH=NOUT, NOUT_TOTAL=NOUT,
                                BLOCK_R=BLOCK_R, BLOCK_C=BLOCK_C, num_warps=num_warps)
  File "/home/shuhan/miniconda3/envs/profiling/lib/python3.13/site-packages/triton/runtime/jit.py", line 347, in <lambda>
    return lambda *args, **kwargs: self.run(grid=grid, warmup=False, *args, **kwargs)
                                   ~~~~~~~~^^^^^^^^^^^^^^^^^^^^^^^^^^^^^^^^^^^^^^^^^^
  File "/home/shuhan/miniconda3/envs/profiling/lib/python3.13/site-packages/triton/runtime/jit.py", line 569, in run
    kernel = self.compile(src, target=target, options=options.__dict__)
  File "/home/shuhan/miniconda3/envs/profiling/lib/python3.13/site-packages/triton/compiler/compiler.py", line 278, in compile
    module = src.make_ir(options, codegen_fns, module_map, context)
  File "/home/shuhan/miniconda3/envs/profiling/lib/python3.13/site-packages/triton/compiler/compiler.py", line 81, in make_ir
    return ast_to_ttir(self.fn, self, context=context, options=options, codegen_fns=codegen_fns,
                       module_map=module_map)
triton.compiler.errors.CompilationError: at 8:14:
def _sibling_redux(x_ptr, w_ptr, o_ptr, R, C, j0, WIDTH: tl.constexpr, NOUT_TOTAL: tl.constexpr,
                   BLOCK_R: tl.constexpr, BLOCK_C: tl.constexpr):
    """Compute WIDTH output columns [j0, j0+WIDTH) for a row-tile. gelu(X) @ W[j0:j0+WIDTH]^T
    via a broadcast reduction (no tensor cores) so registers scale with WIDTH."""
    pid = tl.program_id(0)
    rows = pid * BLOCK_R + tl.arange(0, BLOCK_R)
    rmask = rows < R
    ns = j0 + tl.arange(0, WIDTH)
              ^
[ 74/104] SKIP reduction/{'R': 2048, 'C': 2048, 'NOUT': 96, 'GS': 16, 'dtype': 'float32'}: CompilationError: at 8:14:
def _sibling_redux(x_ptr, w_ptr, o_ptr, R, C, j0, WIDTH: tl.constexpr, NOUT_TOTAL: tl.const
Traceback (most recent call last):
  File "/home/shuhan/miniconda3/envs/profiling/lib/python3.13/site-packages/triton/language/core.py", line 34, in wrapper
    return fn(*args, **kwargs)
  File "/home/shuhan/miniconda3/envs/profiling/lib/python3.13/site-packages/triton/language/core.py", line 1451, in arange
    return semantic.arange(start, end, _builder)
           ~~~~~~~~~~~~~~~^^^^^^^^^^^^^^^^^^^^^^
  File "/home/shuhan/miniconda3/envs/profiling/lib/python3.13/site-packages/triton/language/semantic.py", line 623, in arange
    raise ValueError("arange's range must be a power of 2")
ValueError: arange's range must be a power of 2

The above exception was the direct cause of the following exception:

Traceback (most recent call last):
  File "/home/shuhan/fusion-anaylsis/fusion/runner.py", line 83, in main
    row = run_case(family, params)
  File "/home/shuhan/fusion-anaylsis/fusion/runner.py", line 41, in run_case
    case, dtype = build(family, params)
                  ~~~~~^^^^^^^^^^^^^^^^
  File "/home/shuhan/fusion-anaylsis/fusion/runner.py", line 23, in build
    return FAMILIES[family].make_case(dtype=dtype, **params_wo_dtype(params)), dtype
           ~~~~~~~~~~~~~~~~~~~~~~~~~~^^^^^^^^^^^^^^^^^^^^^^^^^^^^^^^^^^^^^^^^
  File "/home/shuhan/fusion-anaylsis/fusion/kernels/reduction.py", line 65, in make_case
    fk = _sibling_redux[grid_r](x, w, o, R, C, 0, WIDTH=NOUT, NOUT_TOTAL=NOUT,
                                BLOCK_R=BLOCK_R, BLOCK_C=BLOCK_C, num_warps=num_warps)
  File "/home/shuhan/miniconda3/envs/profiling/lib/python3.13/site-packages/triton/runtime/jit.py", line 347, in <lambda>
    return lambda *args, **kwargs: self.run(grid=grid, warmup=False, *args, **kwargs)
                                   ~~~~~~~~^^^^^^^^^^^^^^^^^^^^^^^^^^^^^^^^^^^^^^^^^^
  File "/home/shuhan/miniconda3/envs/profiling/lib/python3.13/site-packages/triton/runtime/jit.py", line 569, in run
    kernel = self.compile(src, target=target, options=options.__dict__)
  File "/home/shuhan/miniconda3/envs/profiling/lib/python3.13/site-packages/triton/compiler/compiler.py", line 278, in compile
    module = src.make_ir(options, codegen_fns, module_map, context)
  File "/home/shuhan/miniconda3/envs/profiling/lib/python3.13/site-packages/triton/compiler/compiler.py", line 81, in make_ir
    return ast_to_ttir(self.fn, self, context=context, options=options, codegen_fns=codegen_fns,
                       module_map=module_map)
triton.compiler.errors.CompilationError: at 8:14:
def _sibling_redux(x_ptr, w_ptr, o_ptr, R, C, j0, WIDTH: tl.constexpr, NOUT_TOTAL: tl.constexpr,
                   BLOCK_R: tl.constexpr, BLOCK_C: tl.constexpr):
    """Compute WIDTH output columns [j0, j0+WIDTH) for a row-tile. gelu(X) @ W[j0:j0+WIDTH]^T
    via a broadcast reduction (no tensor cores) so registers scale with WIDTH."""
    pid = tl.program_id(0)
    rows = pid * BLOCK_R + tl.arange(0, BLOCK_R)
    rmask = rows < R
    ns = j0 + tl.arange(0, WIDTH)
              ^
[ 75/104] sibling_redux_n128     float16 R2048xC2048 regs= 40 spill=1986 occ=1.000 sp= 0.01x ben=0
[ 76/104] sibling_redux_n128     float32 R2048xC2048 regs= 40 spill=1868 occ=1.000 sp= 0.01x ben=0
[ 77/104] sibling_redux_n8       float16 R4096xC1024 regs=128 spill=   0 occ=0.333 sp= 1.02x ben=1
[ 78/104] sibling_redux_n8       float32 R4096xC1024 regs= 72 spill=   0 occ=0.583 sp= 1.00x ben=0
[ 79/104] sibling_redux_n16      float16 R4096xC1024 regs=128 spill=   0 occ=0.333 sp= 1.00x ben=0
[ 80/104] sibling_redux_n16      float32 R4096xC1024 regs=128 spill=   0 occ=0.333 sp= 1.00x ben=0
[ 81/104] sibling_redux_n32      float16 R4096xC1024 regs=255 spill=   0 occ=0.167 sp= 1.05x ben=1
[ 82/104] sibling_redux_n32      float32 R4096xC1024 regs=255 spill=   0 occ=0.167 sp= 1.02x ben=1
[ 83/104] SKIP reduction/{'R': 4096, 'C': 1024, 'NOUT': 48, 'GS': 16, 'dtype': 'float16'}: CompilationError: at 8:14:
def _sibling_redux(x_ptr, w_ptr, o_ptr, R, C, j0, WIDTH: tl.constexpr, NOUT_TOTAL: tl.const
Traceback (most recent call last):
  File "/home/shuhan/miniconda3/envs/profiling/lib/python3.13/site-packages/triton/language/core.py", line 34, in wrapper
    return fn(*args, **kwargs)
  File "/home/shuhan/miniconda3/envs/profiling/lib/python3.13/site-packages/triton/language/core.py", line 1451, in arange
    return semantic.arange(start, end, _builder)
           ~~~~~~~~~~~~~~~^^^^^^^^^^^^^^^^^^^^^^
  File "/home/shuhan/miniconda3/envs/profiling/lib/python3.13/site-packages/triton/language/semantic.py", line 623, in arange
    raise ValueError("arange's range must be a power of 2")
ValueError: arange's range must be a power of 2

The above exception was the direct cause of the following exception:

Traceback (most recent call last):
  File "/home/shuhan/fusion-anaylsis/fusion/runner.py", line 83, in main
    row = run_case(family, params)
  File "/home/shuhan/fusion-anaylsis/fusion/runner.py", line 41, in run_case
    case, dtype = build(family, params)
                  ~~~~~^^^^^^^^^^^^^^^^
  File "/home/shuhan/fusion-anaylsis/fusion/runner.py", line 23, in build
    return FAMILIES[family].make_case(dtype=dtype, **params_wo_dtype(params)), dtype
           ~~~~~~~~~~~~~~~~~~~~~~~~~~^^^^^^^^^^^^^^^^^^^^^^^^^^^^^^^^^^^^^^^^
  File "/home/shuhan/fusion-anaylsis/fusion/kernels/reduction.py", line 65, in make_case
    fk = _sibling_redux[grid_r](x, w, o, R, C, 0, WIDTH=NOUT, NOUT_TOTAL=NOUT,
                                BLOCK_R=BLOCK_R, BLOCK_C=BLOCK_C, num_warps=num_warps)
  File "/home/shuhan/miniconda3/envs/profiling/lib/python3.13/site-packages/triton/runtime/jit.py", line 347, in <lambda>
    return lambda *args, **kwargs: self.run(grid=grid, warmup=False, *args, **kwargs)
                                   ~~~~~~~~^^^^^^^^^^^^^^^^^^^^^^^^^^^^^^^^^^^^^^^^^^
  File "/home/shuhan/miniconda3/envs/profiling/lib/python3.13/site-packages/triton/runtime/jit.py", line 569, in run
    kernel = self.compile(src, target=target, options=options.__dict__)
  File "/home/shuhan/miniconda3/envs/profiling/lib/python3.13/site-packages/triton/compiler/compiler.py", line 278, in compile
    module = src.make_ir(options, codegen_fns, module_map, context)
  File "/home/shuhan/miniconda3/envs/profiling/lib/python3.13/site-packages/triton/compiler/compiler.py", line 81, in make_ir
    return ast_to_ttir(self.fn, self, context=context, options=options, codegen_fns=codegen_fns,
                       module_map=module_map)
triton.compiler.errors.CompilationError: at 8:14:
def _sibling_redux(x_ptr, w_ptr, o_ptr, R, C, j0, WIDTH: tl.constexpr, NOUT_TOTAL: tl.constexpr,
                   BLOCK_R: tl.constexpr, BLOCK_C: tl.constexpr):
    """Compute WIDTH output columns [j0, j0+WIDTH) for a row-tile. gelu(X) @ W[j0:j0+WIDTH]^T
    via a broadcast reduction (no tensor cores) so registers scale with WIDTH."""
    pid = tl.program_id(0)
    rows = pid * BLOCK_R + tl.arange(0, BLOCK_R)
    rmask = rows < R
    ns = j0 + tl.arange(0, WIDTH)
              ^
[ 84/104] SKIP reduction/{'R': 4096, 'C': 1024, 'NOUT': 48, 'GS': 16, 'dtype': 'float32'}: CompilationError: at 8:14:
def _sibling_redux(x_ptr, w_ptr, o_ptr, R, C, j0, WIDTH: tl.constexpr, NOUT_TOTAL: tl.const
Traceback (most recent call last):
  File "/home/shuhan/miniconda3/envs/profiling/lib/python3.13/site-packages/triton/language/core.py", line 34, in wrapper
    return fn(*args, **kwargs)
  File "/home/shuhan/miniconda3/envs/profiling/lib/python3.13/site-packages/triton/language/core.py", line 1451, in arange
    return semantic.arange(start, end, _builder)
           ~~~~~~~~~~~~~~~^^^^^^^^^^^^^^^^^^^^^^
  File "/home/shuhan/miniconda3/envs/profiling/lib/python3.13/site-packages/triton/language/semantic.py", line 623, in arange
    raise ValueError("arange's range must be a power of 2")
ValueError: arange's range must be a power of 2

The above exception was the direct cause of the following exception:

Traceback (most recent call last):
  File "/home/shuhan/fusion-anaylsis/fusion/runner.py", line 83, in main
    row = run_case(family, params)
  File "/home/shuhan/fusion-anaylsis/fusion/runner.py", line 41, in run_case
    case, dtype = build(family, params)
                  ~~~~~^^^^^^^^^^^^^^^^
  File "/home/shuhan/fusion-anaylsis/fusion/runner.py", line 23, in build
    return FAMILIES[family].make_case(dtype=dtype, **params_wo_dtype(params)), dtype
           ~~~~~~~~~~~~~~~~~~~~~~~~~~^^^^^^^^^^^^^^^^^^^^^^^^^^^^^^^^^^^^^^^^
  File "/home/shuhan/fusion-anaylsis/fusion/kernels/reduction.py", line 65, in make_case
    fk = _sibling_redux[grid_r](x, w, o, R, C, 0, WIDTH=NOUT, NOUT_TOTAL=NOUT,
                                BLOCK_R=BLOCK_R, BLOCK_C=BLOCK_C, num_warps=num_warps)
  File "/home/shuhan/miniconda3/envs/profiling/lib/python3.13/site-packages/triton/runtime/jit.py", line 347, in <lambda>
    return lambda *args, **kwargs: self.run(grid=grid, warmup=False, *args, **kwargs)
                                   ~~~~~~~~^^^^^^^^^^^^^^^^^^^^^^^^^^^^^^^^^^^^^^^^^^
  File "/home/shuhan/miniconda3/envs/profiling/lib/python3.13/site-packages/triton/runtime/jit.py", line 569, in run
    kernel = self.compile(src, target=target, options=options.__dict__)
  File "/home/shuhan/miniconda3/envs/profiling/lib/python3.13/site-packages/triton/compiler/compiler.py", line 278, in compile
    module = src.make_ir(options, codegen_fns, module_map, context)
  File "/home/shuhan/miniconda3/envs/profiling/lib/python3.13/site-packages/triton/compiler/compiler.py", line 81, in make_ir
    return ast_to_ttir(self.fn, self, context=context, options=options, codegen_fns=codegen_fns,
                       module_map=module_map)
triton.compiler.errors.CompilationError: at 8:14:
def _sibling_redux(x_ptr, w_ptr, o_ptr, R, C, j0, WIDTH: tl.constexpr, NOUT_TOTAL: tl.constexpr,
                   BLOCK_R: tl.constexpr, BLOCK_C: tl.constexpr):
    """Compute WIDTH output columns [j0, j0+WIDTH) for a row-tile. gelu(X) @ W[j0:j0+WIDTH]^T
    via a broadcast reduction (no tensor cores) so registers scale with WIDTH."""
    pid = tl.program_id(0)
    rows = pid * BLOCK_R + tl.arange(0, BLOCK_R)
    rmask = rows < R
    ns = j0 + tl.arange(0, WIDTH)
              ^
[ 85/104] sibling_redux_n64      float16 R4096xC1024 regs=255 spill= 300 occ=0.167 sp= 0.06x ben=0
[ 86/104] sibling_redux_n64      float32 R4096xC1024 regs=255 spill= 310 occ=0.167 sp= 0.05x ben=0
[ 87/104] SKIP reduction/{'R': 4096, 'C': 1024, 'NOUT': 96, 'GS': 16, 'dtype': 'float16'}: CompilationError: at 8:14:
def _sibling_redux(x_ptr, w_ptr, o_ptr, R, C, j0, WIDTH: tl.constexpr, NOUT_TOTAL: tl.const
Traceback (most recent call last):
  File "/home/shuhan/miniconda3/envs/profiling/lib/python3.13/site-packages/triton/language/core.py", line 34, in wrapper
    return fn(*args, **kwargs)
  File "/home/shuhan/miniconda3/envs/profiling/lib/python3.13/site-packages/triton/language/core.py", line 1451, in arange
    return semantic.arange(start, end, _builder)
           ~~~~~~~~~~~~~~~^^^^^^^^^^^^^^^^^^^^^^
  File "/home/shuhan/miniconda3/envs/profiling/lib/python3.13/site-packages/triton/language/semantic.py", line 623, in arange
    raise ValueError("arange's range must be a power of 2")
ValueError: arange's range must be a power of 2

The above exception was the direct cause of the following exception:

Traceback (most recent call last):
  File "/home/shuhan/fusion-anaylsis/fusion/runner.py", line 83, in main
    row = run_case(family, params)
  File "/home/shuhan/fusion-anaylsis/fusion/runner.py", line 41, in run_case
    case, dtype = build(family, params)
                  ~~~~~^^^^^^^^^^^^^^^^
  File "/home/shuhan/fusion-anaylsis/fusion/runner.py", line 23, in build
    return FAMILIES[family].make_case(dtype=dtype, **params_wo_dtype(params)), dtype
           ~~~~~~~~~~~~~~~~~~~~~~~~~~^^^^^^^^^^^^^^^^^^^^^^^^^^^^^^^^^^^^^^^^
  File "/home/shuhan/fusion-anaylsis/fusion/kernels/reduction.py", line 65, in make_case
    fk = _sibling_redux[grid_r](x, w, o, R, C, 0, WIDTH=NOUT, NOUT_TOTAL=NOUT,
                                BLOCK_R=BLOCK_R, BLOCK_C=BLOCK_C, num_warps=num_warps)
  File "/home/shuhan/miniconda3/envs/profiling/lib/python3.13/site-packages/triton/runtime/jit.py", line 347, in <lambda>
    return lambda *args, **kwargs: self.run(grid=grid, warmup=False, *args, **kwargs)
                                   ~~~~~~~~^^^^^^^^^^^^^^^^^^^^^^^^^^^^^^^^^^^^^^^^^^
  File "/home/shuhan/miniconda3/envs/profiling/lib/python3.13/site-packages/triton/runtime/jit.py", line 569, in run
    kernel = self.compile(src, target=target, options=options.__dict__)
  File "/home/shuhan/miniconda3/envs/profiling/lib/python3.13/site-packages/triton/compiler/compiler.py", line 278, in compile
    module = src.make_ir(options, codegen_fns, module_map, context)
  File "/home/shuhan/miniconda3/envs/profiling/lib/python3.13/site-packages/triton/compiler/compiler.py", line 81, in make_ir
    return ast_to_ttir(self.fn, self, context=context, options=options, codegen_fns=codegen_fns,
                       module_map=module_map)
triton.compiler.errors.CompilationError: at 8:14:
def _sibling_redux(x_ptr, w_ptr, o_ptr, R, C, j0, WIDTH: tl.constexpr, NOUT_TOTAL: tl.constexpr,
                   BLOCK_R: tl.constexpr, BLOCK_C: tl.constexpr):
    """Compute WIDTH output columns [j0, j0+WIDTH) for a row-tile. gelu(X) @ W[j0:j0+WIDTH]^T
    via a broadcast reduction (no tensor cores) so registers scale with WIDTH."""
    pid = tl.program_id(0)
    rows = pid * BLOCK_R + tl.arange(0, BLOCK_R)
    rmask = rows < R
    ns = j0 + tl.arange(0, WIDTH)
              ^
[ 88/104] SKIP reduction/{'R': 4096, 'C': 1024, 'NOUT': 96, 'GS': 16, 'dtype': 'float32'}: CompilationError: at 8:14:
def _sibling_redux(x_ptr, w_ptr, o_ptr, R, C, j0, WIDTH: tl.constexpr, NOUT_TOTAL: tl.const
Traceback (most recent call last):
  File "/home/shuhan/miniconda3/envs/profiling/lib/python3.13/site-packages/triton/language/core.py", line 34, in wrapper
    return fn(*args, **kwargs)
  File "/home/shuhan/miniconda3/envs/profiling/lib/python3.13/site-packages/triton/language/core.py", line 1451, in arange
    return semantic.arange(start, end, _builder)
           ~~~~~~~~~~~~~~~^^^^^^^^^^^^^^^^^^^^^^
  File "/home/shuhan/miniconda3/envs/profiling/lib/python3.13/site-packages/triton/language/semantic.py", line 623, in arange
    raise ValueError("arange's range must be a power of 2")
ValueError: arange's range must be a power of 2

The above exception was the direct cause of the following exception:

Traceback (most recent call last):
  File "/home/shuhan/fusion-anaylsis/fusion/runner.py", line 83, in main
    row = run_case(family, params)
  File "/home/shuhan/fusion-anaylsis/fusion/runner.py", line 41, in run_case
    case, dtype = build(family, params)
                  ~~~~~^^^^^^^^^^^^^^^^
  File "/home/shuhan/fusion-anaylsis/fusion/runner.py", line 23, in build
    return FAMILIES[family].make_case(dtype=dtype, **params_wo_dtype(params)), dtype
           ~~~~~~~~~~~~~~~~~~~~~~~~~~^^^^^^^^^^^^^^^^^^^^^^^^^^^^^^^^^^^^^^^^
  File "/home/shuhan/fusion-anaylsis/fusion/kernels/reduction.py", line 65, in make_case
    fk = _sibling_redux[grid_r](x, w, o, R, C, 0, WIDTH=NOUT, NOUT_TOTAL=NOUT,
                                BLOCK_R=BLOCK_R, BLOCK_C=BLOCK_C, num_warps=num_warps)
  File "/home/shuhan/miniconda3/envs/profiling/lib/python3.13/site-packages/triton/runtime/jit.py", line 347, in <lambda>
    return lambda *args, **kwargs: self.run(grid=grid, warmup=False, *args, **kwargs)
                                   ~~~~~~~~^^^^^^^^^^^^^^^^^^^^^^^^^^^^^^^^^^^^^^^^^^
  File "/home/shuhan/miniconda3/envs/profiling/lib/python3.13/site-packages/triton/runtime/jit.py", line 569, in run
    kernel = self.compile(src, target=target, options=options.__dict__)
  File "/home/shuhan/miniconda3/envs/profiling/lib/python3.13/site-packages/triton/compiler/compiler.py", line 278, in compile
    module = src.make_ir(options, codegen_fns, module_map, context)
  File "/home/shuhan/miniconda3/envs/profiling/lib/python3.13/site-packages/triton/compiler/compiler.py", line 81, in make_ir
    return ast_to_ttir(self.fn, self, context=context, options=options, codegen_fns=codegen_fns,
                       module_map=module_map)
triton.compiler.errors.CompilationError: at 8:14:
def _sibling_redux(x_ptr, w_ptr, o_ptr, R, C, j0, WIDTH: tl.constexpr, NOUT_TOTAL: tl.constexpr,
                   BLOCK_R: tl.constexpr, BLOCK_C: tl.constexpr):
    """Compute WIDTH output columns [j0, j0+WIDTH) for a row-tile. gelu(X) @ W[j0:j0+WIDTH]^T
    via a broadcast reduction (no tensor cores) so registers scale with WIDTH."""
    pid = tl.program_id(0)
    rows = pid * BLOCK_R + tl.arange(0, BLOCK_R)
    rmask = rows < R
    ns = j0 + tl.arange(0, WIDTH)
              ^
[ 89/104] sibling_redux_n128     float16 R4096xC1024 regs= 40 spill=1986 occ=1.000 sp= 0.01x ben=0
[ 90/104] sibling_redux_n128     float32 R4096xC1024 regs= 40 spill=1868 occ=1.000 sp= 0.01x ben=0
[ 91/104] sibling_redux_n8       float16 R2048xC4096 regs=128 spill=   0 occ=0.333 sp= 0.97x ben=0
[ 92/104] sibling_redux_n8       float32 R2048xC4096 regs= 72 spill=   0 occ=0.583 sp= 1.04x ben=1
[ 93/104] sibling_redux_n16      float16 R2048xC4096 regs=128 spill=   0 occ=0.333 sp= 0.99x ben=0
[ 94/104] sibling_redux_n16      float32 R2048xC4096 regs=128 spill=   0 occ=0.333 sp= 1.04x ben=1
[ 95/104] sibling_redux_n32      float16 R2048xC4096 regs=255 spill=   0 occ=0.167 sp= 1.05x ben=1
[ 96/104] sibling_redux_n32      float32 R2048xC4096 regs=255 spill=   0 occ=0.167 sp= 1.06x ben=1
[ 97/104] SKIP reduction/{'R': 2048, 'C': 4096, 'NOUT': 48, 'GS': 16, 'dtype': 'float16'}: CompilationError: at 8:14:
def _sibling_redux(x_ptr, w_ptr, o_ptr, R, C, j0, WIDTH: tl.constexpr, NOUT_TOTAL: tl.const
Traceback (most recent call last):
  File "/home/shuhan/miniconda3/envs/profiling/lib/python3.13/site-packages/triton/language/core.py", line 34, in wrapper
    return fn(*args, **kwargs)
  File "/home/shuhan/miniconda3/envs/profiling/lib/python3.13/site-packages/triton/language/core.py", line 1451, in arange
    return semantic.arange(start, end, _builder)
           ~~~~~~~~~~~~~~~^^^^^^^^^^^^^^^^^^^^^^
  File "/home/shuhan/miniconda3/envs/profiling/lib/python3.13/site-packages/triton/language/semantic.py", line 623, in arange
    raise ValueError("arange's range must be a power of 2")
ValueError: arange's range must be a power of 2

The above exception was the direct cause of the following exception:

Traceback (most recent call last):
  File "/home/shuhan/fusion-anaylsis/fusion/runner.py", line 83, in main
    row = run_case(family, params)
  File "/home/shuhan/fusion-anaylsis/fusion/runner.py", line 41, in run_case
    case, dtype = build(family, params)
                  ~~~~~^^^^^^^^^^^^^^^^
  File "/home/shuhan/fusion-anaylsis/fusion/runner.py", line 23, in build
    return FAMILIES[family].make_case(dtype=dtype, **params_wo_dtype(params)), dtype
           ~~~~~~~~~~~~~~~~~~~~~~~~~~^^^^^^^^^^^^^^^^^^^^^^^^^^^^^^^^^^^^^^^^
  File "/home/shuhan/fusion-anaylsis/fusion/kernels/reduction.py", line 65, in make_case
    fk = _sibling_redux[grid_r](x, w, o, R, C, 0, WIDTH=NOUT, NOUT_TOTAL=NOUT,
                                BLOCK_R=BLOCK_R, BLOCK_C=BLOCK_C, num_warps=num_warps)
  File "/home/shuhan/miniconda3/envs/profiling/lib/python3.13/site-packages/triton/runtime/jit.py", line 347, in <lambda>
    return lambda *args, **kwargs: self.run(grid=grid, warmup=False, *args, **kwargs)
                                   ~~~~~~~~^^^^^^^^^^^^^^^^^^^^^^^^^^^^^^^^^^^^^^^^^^
  File "/home/shuhan/miniconda3/envs/profiling/lib/python3.13/site-packages/triton/runtime/jit.py", line 569, in run
    kernel = self.compile(src, target=target, options=options.__dict__)
  File "/home/shuhan/miniconda3/envs/profiling/lib/python3.13/site-packages/triton/compiler/compiler.py", line 278, in compile
    module = src.make_ir(options, codegen_fns, module_map, context)
  File "/home/shuhan/miniconda3/envs/profiling/lib/python3.13/site-packages/triton/compiler/compiler.py", line 81, in make_ir
    return ast_to_ttir(self.fn, self, context=context, options=options, codegen_fns=codegen_fns,
                       module_map=module_map)
triton.compiler.errors.CompilationError: at 8:14:
def _sibling_redux(x_ptr, w_ptr, o_ptr, R, C, j0, WIDTH: tl.constexpr, NOUT_TOTAL: tl.constexpr,
                   BLOCK_R: tl.constexpr, BLOCK_C: tl.constexpr):
    """Compute WIDTH output columns [j0, j0+WIDTH) for a row-tile. gelu(X) @ W[j0:j0+WIDTH]^T
    via a broadcast reduction (no tensor cores) so registers scale with WIDTH."""
    pid = tl.program_id(0)
    rows = pid * BLOCK_R + tl.arange(0, BLOCK_R)
    rmask = rows < R
    ns = j0 + tl.arange(0, WIDTH)
              ^
[ 98/104] SKIP reduction/{'R': 2048, 'C': 4096, 'NOUT': 48, 'GS': 16, 'dtype': 'float32'}: CompilationError: at 8:14:
def _sibling_redux(x_ptr, w_ptr, o_ptr, R, C, j0, WIDTH: tl.constexpr, NOUT_TOTAL: tl.const
Traceback (most recent call last):
  File "/home/shuhan/miniconda3/envs/profiling/lib/python3.13/site-packages/triton/language/core.py", line 34, in wrapper
    return fn(*args, **kwargs)
  File "/home/shuhan/miniconda3/envs/profiling/lib/python3.13/site-packages/triton/language/core.py", line 1451, in arange
    return semantic.arange(start, end, _builder)
           ~~~~~~~~~~~~~~~^^^^^^^^^^^^^^^^^^^^^^
  File "/home/shuhan/miniconda3/envs/profiling/lib/python3.13/site-packages/triton/language/semantic.py", line 623, in arange
    raise ValueError("arange's range must be a power of 2")
ValueError: arange's range must be a power of 2

The above exception was the direct cause of the following exception:

Traceback (most recent call last):
  File "/home/shuhan/fusion-anaylsis/fusion/runner.py", line 83, in main
    row = run_case(family, params)
  File "/home/shuhan/fusion-anaylsis/fusion/runner.py", line 41, in run_case
    case, dtype = build(family, params)
                  ~~~~~^^^^^^^^^^^^^^^^
  File "/home/shuhan/fusion-anaylsis/fusion/runner.py", line 23, in build
    return FAMILIES[family].make_case(dtype=dtype, **params_wo_dtype(params)), dtype
           ~~~~~~~~~~~~~~~~~~~~~~~~~~^^^^^^^^^^^^^^^^^^^^^^^^^^^^^^^^^^^^^^^^
  File "/home/shuhan/fusion-anaylsis/fusion/kernels/reduction.py", line 65, in make_case
    fk = _sibling_redux[grid_r](x, w, o, R, C, 0, WIDTH=NOUT, NOUT_TOTAL=NOUT,
                                BLOCK_R=BLOCK_R, BLOCK_C=BLOCK_C, num_warps=num_warps)
  File "/home/shuhan/miniconda3/envs/profiling/lib/python3.13/site-packages/triton/runtime/jit.py", line 347, in <lambda>
    return lambda *args, **kwargs: self.run(grid=grid, warmup=False, *args, **kwargs)
                                   ~~~~~~~~^^^^^^^^^^^^^^^^^^^^^^^^^^^^^^^^^^^^^^^^^^
  File "/home/shuhan/miniconda3/envs/profiling/lib/python3.13/site-packages/triton/runtime/jit.py", line 569, in run
    kernel = self.compile(src, target=target, options=options.__dict__)
  File "/home/shuhan/miniconda3/envs/profiling/lib/python3.13/site-packages/triton/compiler/compiler.py", line 278, in compile
    module = src.make_ir(options, codegen_fns, module_map, context)
  File "/home/shuhan/miniconda3/envs/profiling/lib/python3.13/site-packages/triton/compiler/compiler.py", line 81, in make_ir
    return ast_to_ttir(self.fn, self, context=context, options=options, codegen_fns=codegen_fns,
                       module_map=module_map)
triton.compiler.errors.CompilationError: at 8:14:
def _sibling_redux(x_ptr, w_ptr, o_ptr, R, C, j0, WIDTH: tl.constexpr, NOUT_TOTAL: tl.constexpr,
                   BLOCK_R: tl.constexpr, BLOCK_C: tl.constexpr):
    """Compute WIDTH output columns [j0, j0+WIDTH) for a row-tile. gelu(X) @ W[j0:j0+WIDTH]^T
    via a broadcast reduction (no tensor cores) so registers scale with WIDTH."""
    pid = tl.program_id(0)
    rows = pid * BLOCK_R + tl.arange(0, BLOCK_R)
    rmask = rows < R
    ns = j0 + tl.arange(0, WIDTH)
              ^
[ 99/104] sibling_redux_n64      float16 R2048xC4096 regs=255 spill= 300 occ=0.167 sp= 0.10x ben=0
[100/104] sibling_redux_n64      float32 R2048xC4096 regs=255 spill= 310 occ=0.167 sp= 0.06x ben=0
[101/104] SKIP reduction/{'R': 2048, 'C': 4096, 'NOUT': 96, 'GS': 16, 'dtype': 'float16'}: CompilationError: at 8:14:
def _sibling_redux(x_ptr, w_ptr, o_ptr, R, C, j0, WIDTH: tl.constexpr, NOUT_TOTAL: tl.const
Traceback (most recent call last):
  File "/home/shuhan/miniconda3/envs/profiling/lib/python3.13/site-packages/triton/language/core.py", line 34, in wrapper
    return fn(*args, **kwargs)
  File "/home/shuhan/miniconda3/envs/profiling/lib/python3.13/site-packages/triton/language/core.py", line 1451, in arange
    return semantic.arange(start, end, _builder)
           ~~~~~~~~~~~~~~~^^^^^^^^^^^^^^^^^^^^^^
  File "/home/shuhan/miniconda3/envs/profiling/lib/python3.13/site-packages/triton/language/semantic.py", line 623, in arange
    raise ValueError("arange's range must be a power of 2")
ValueError: arange's range must be a power of 2

The above exception was the direct cause of the following exception:

Traceback (most recent call last):
  File "/home/shuhan/fusion-anaylsis/fusion/runner.py", line 83, in main
    row = run_case(family, params)
  File "/home/shuhan/fusion-anaylsis/fusion/runner.py", line 41, in run_case
    case, dtype = build(family, params)
                  ~~~~~^^^^^^^^^^^^^^^^
  File "/home/shuhan/fusion-anaylsis/fusion/runner.py", line 23, in build
    return FAMILIES[family].make_case(dtype=dtype, **params_wo_dtype(params)), dtype
           ~~~~~~~~~~~~~~~~~~~~~~~~~~^^^^^^^^^^^^^^^^^^^^^^^^^^^^^^^^^^^^^^^^
  File "/home/shuhan/fusion-anaylsis/fusion/kernels/reduction.py", line 65, in make_case
    fk = _sibling_redux[grid_r](x, w, o, R, C, 0, WIDTH=NOUT, NOUT_TOTAL=NOUT,
                                BLOCK_R=BLOCK_R, BLOCK_C=BLOCK_C, num_warps=num_warps)
  File "/home/shuhan/miniconda3/envs/profiling/lib/python3.13/site-packages/triton/runtime/jit.py", line 347, in <lambda>
    return lambda *args, **kwargs: self.run(grid=grid, warmup=False, *args, **kwargs)
                                   ~~~~~~~~^^^^^^^^^^^^^^^^^^^^^^^^^^^^^^^^^^^^^^^^^^
  File "/home/shuhan/miniconda3/envs/profiling/lib/python3.13/site-packages/triton/runtime/jit.py", line 569, in run
    kernel = self.compile(src, target=target, options=options.__dict__)
  File "/home/shuhan/miniconda3/envs/profiling/lib/python3.13/site-packages/triton/compiler/compiler.py", line 278, in compile
    module = src.make_ir(options, codegen_fns, module_map, context)
  File "/home/shuhan/miniconda3/envs/profiling/lib/python3.13/site-packages/triton/compiler/compiler.py", line 81, in make_ir
    return ast_to_ttir(self.fn, self, context=context, options=options, codegen_fns=codegen_fns,
                       module_map=module_map)
triton.compiler.errors.CompilationError: at 8:14:
def _sibling_redux(x_ptr, w_ptr, o_ptr, R, C, j0, WIDTH: tl.constexpr, NOUT_TOTAL: tl.constexpr,
                   BLOCK_R: tl.constexpr, BLOCK_C: tl.constexpr):
    """Compute WIDTH output columns [j0, j0+WIDTH) for a row-tile. gelu(X) @ W[j0:j0+WIDTH]^T
    via a broadcast reduction (no tensor cores) so registers scale with WIDTH."""
    pid = tl.program_id(0)
    rows = pid * BLOCK_R + tl.arange(0, BLOCK_R)
    rmask = rows < R
    ns = j0 + tl.arange(0, WIDTH)
              ^
[102/104] SKIP reduction/{'R': 2048, 'C': 4096, 'NOUT': 96, 'GS': 16, 'dtype': 'float32'}: CompilationError: at 8:14:
def _sibling_redux(x_ptr, w_ptr, o_ptr, R, C, j0, WIDTH: tl.constexpr, NOUT_TOTAL: tl.const
Traceback (most recent call last):
  File "/home/shuhan/miniconda3/envs/profiling/lib/python3.13/site-packages/triton/language/core.py", line 34, in wrapper
    return fn(*args, **kwargs)
  File "/home/shuhan/miniconda3/envs/profiling/lib/python3.13/site-packages/triton/language/core.py", line 1451, in arange
    return semantic.arange(start, end, _builder)
           ~~~~~~~~~~~~~~~^^^^^^^^^^^^^^^^^^^^^^
  File "/home/shuhan/miniconda3/envs/profiling/lib/python3.13/site-packages/triton/language/semantic.py", line 623, in arange
    raise ValueError("arange's range must be a power of 2")
ValueError: arange's range must be a power of 2

The above exception was the direct cause of the following exception:

Traceback (most recent call last):
  File "/home/shuhan/fusion-anaylsis/fusion/runner.py", line 83, in main
    row = run_case(family, params)
  File "/home/shuhan/fusion-anaylsis/fusion/runner.py", line 41, in run_case
    case, dtype = build(family, params)
                  ~~~~~^^^^^^^^^^^^^^^^
  File "/home/shuhan/fusion-anaylsis/fusion/runner.py", line 23, in build
    return FAMILIES[family].make_case(dtype=dtype, **params_wo_dtype(params)), dtype
           ~~~~~~~~~~~~~~~~~~~~~~~~~~^^^^^^^^^^^^^^^^^^^^^^^^^^^^^^^^^^^^^^^^
  File "/home/shuhan/fusion-anaylsis/fusion/kernels/reduction.py", line 65, in make_case
    fk = _sibling_redux[grid_r](x, w, o, R, C, 0, WIDTH=NOUT, NOUT_TOTAL=NOUT,
                                BLOCK_R=BLOCK_R, BLOCK_C=BLOCK_C, num_warps=num_warps)
  File "/home/shuhan/miniconda3/envs/profiling/lib/python3.13/site-packages/triton/runtime/jit.py", line 347, in <lambda>
    return lambda *args, **kwargs: self.run(grid=grid, warmup=False, *args, **kwargs)
                                   ~~~~~~~~^^^^^^^^^^^^^^^^^^^^^^^^^^^^^^^^^^^^^^^^^^
  File "/home/shuhan/miniconda3/envs/profiling/lib/python3.13/site-packages/triton/runtime/jit.py", line 569, in run
    kernel = self.compile(src, target=target, options=options.__dict__)
  File "/home/shuhan/miniconda3/envs/profiling/lib/python3.13/site-packages/triton/compiler/compiler.py", line 278, in compile
    module = src.make_ir(options, codegen_fns, module_map, context)
  File "/home/shuhan/miniconda3/envs/profiling/lib/python3.13/site-packages/triton/compiler/compiler.py", line 81, in make_ir
    return ast_to_ttir(self.fn, self, context=context, options=options, codegen_fns=codegen_fns,
                       module_map=module_map)
triton.compiler.errors.CompilationError: at 8:14:
def _sibling_redux(x_ptr, w_ptr, o_ptr, R, C, j0, WIDTH: tl.constexpr, NOUT_TOTAL: tl.constexpr,
                   BLOCK_R: tl.constexpr, BLOCK_C: tl.constexpr):
    """Compute WIDTH output columns [j0, j0+WIDTH) for a row-tile. gelu(X) @ W[j0:j0+WIDTH]^T
    via a broadcast reduction (no tensor cores) so registers scale with WIDTH."""
    pid = tl.program_id(0)
    rows = pid * BLOCK_R + tl.arange(0, BLOCK_R)
    rmask = rows < R
    ns = j0 + tl.arange(0, WIDTH)
              ^
[103/104] sibling_redux_n128     float16 R2048xC4096 regs= 40 spill=1986 occ=1.000 sp= 0.01x ben=0
[104/104] sibling_redux_n128     float32 R2048xC4096 regs= 40 spill=1868 occ=1.000 sp= 0.01x ben=0
[runner] wrote 88 rows in 330.9s
