[profile] 26 cases x 2 plans via ncu -> data/microbench_ncu.csv
[ 1/26] pointwise_chain_k2   float16 occ(an=100 ncu_th=100) spill=0 bank=0 dom=none
[ 2/26] pointwise_chain_k8   float16 occ(an=100 ncu_th=100) spill=0 bank=0 dom=none
[ 3/26] pointwise_chain_k32  float16 occ(an=100 ncu_th=100) spill=0 bank=0 dom=none
[ 4/26] pointwise_chain_k2   float16 occ(an=100 ncu_th=100) spill=0 bank=0 dom=none
[ 5/26] pointwise_chain_k8   float16 occ(an=100 ncu_th=100) spill=0 bank=0 dom=none
[ 6/26] pointwise_chain_k32  float16 occ(an=100 ncu_th=100) spill=0 bank=0 dom=none
[ 7/26] sibling_redux_n16    float16 occ(an=33 ncu_th=33) spill=0 bank=5e+05 dom=none
[ 8/26] sibling_redux_n16    float32 occ(an=33 ncu_th=33) spill=0 bank=7.4e+04 dom=none
[ 9/26] sibling_redux_n32    float16 occ(an=17 ncu_th=17) spill=0 bank=4.6e+05 dom=none
[10/26] sibling_redux_n32    float32 occ(an=17 ncu_th=17) spill=0 bank=2e+04 dom=none
[11/26] sibling_redux_n64    float16 occ(an=17 ncu_th=17) spill=1.2e+09 bank=7.3e+05 dom=spill
[12/26] sibling_redux_n64    float32 occ(an=17 ncu_th=17) spill=1.3e+09 bank=1.9e+05 dom=spill
[13/26] SKIP reduction/{'R': 2048, 'C': 2048, 'NOUT': 96, 'GS': 16, 'dtype': 'float16'}: CompilationError: at 8:14:
def _sibling_redux(x_ptr, w_ptr, o_ptr, R, C, j0, WIDTH: tl.constexpr, NOUT_TOTAL
Traceback (most recent call last):
  File "/home/shuhan/miniconda3/envs/profiling/lib/python3.13/site-packages/triton/language/core.py", line 34, in wrapper
    return fn(*args, **kwargs)
  File "/home/shuhan/miniconda3/envs/profiling/lib/python3.13/site-packages/triton/language/core.py", line 1451, in arange
    return semantic.arange(start, end, _builder)
           ~~~~~~~~~~~~~~~^^^^^^^^^^^^^^^^^^^^^^
  File "/home/shuhan/miniconda3/envs/profiling/lib/python3.13/site-packages/triton/language/semantic.py", line 623, in arange
    raise ValueError("arange's range must be a power of 2")
ValueError: arange's range must be a power of 2

The above exception was the direct cause of the following exception:

Traceback (most recent call last):
  File "/home/shuhan/fusion-anaylsis/fusion/profile.py", line 53, in main
    case, sf, su = static_for(family, params)
                   ~~~~~~~~~~^^^^^^^^^^^^^^^^
  File "/home/shuhan/fusion-anaylsis/fusion/profile.py", line 25, in static_for
    case = FAMILIES[family].make_case(dtype=dt, **p)
  File "/home/shuhan/fusion-anaylsis/fusion/kernels/reduction.py", line 68, in make_case
    fk = _sibling_redux[grid_r](x, w, o, R, C, 0, WIDTH=NOUT, NOUT_TOTAL=NOUT,
                                BLOCK_R=BLOCK_R, BLOCK_C=BLOCK_C, num_warps=num_warps)
  File "/home/shuhan/miniconda3/envs/profiling/lib/python3.13/site-packages/triton/runtime/jit.py", line 347, in <lambda>
    return lambda *args, **kwargs: self.run(grid=grid, warmup=False, *args, **kwargs)
                                   ~~~~~~~~^^^^^^^^^^^^^^^^^^^^^^^^^^^^^^^^^^^^^^^^^^
  File "/home/shuhan/miniconda3/envs/profiling/lib/python3.13/site-packages/triton/runtime/jit.py", line 569, in run
    kernel = self.compile(src, target=target, options=options.__dict__)
  File "/home/shuhan/miniconda3/envs/profiling/lib/python3.13/site-packages/triton/compiler/compiler.py", line 278, in compile
    module = src.make_ir(options, codegen_fns, module_map, context)
  File "/home/shuhan/miniconda3/envs/profiling/lib/python3.13/site-packages/triton/compiler/compiler.py", line 81, in make_ir
    return ast_to_ttir(self.fn, self, context=context, options=options, codegen_fns=codegen_fns,
                       module_map=module_map)
triton.compiler.errors.CompilationError: at 8:14:
def _sibling_redux(x_ptr, w_ptr, o_ptr, R, C, j0, WIDTH: tl.constexpr, NOUT_TOTAL: tl.constexpr,
                   BLOCK_R: tl.constexpr, BLOCK_C: tl.constexpr):
    """Compute WIDTH output columns [j0, j0+WIDTH) for a row-tile. gelu(X) @ W[j0:j0+WIDTH]^T
    via a broadcast reduction (no tensor cores) so registers scale with WIDTH."""
    pid = tl.program_id(0)
    rows = pid * BLOCK_R + tl.arange(0, BLOCK_R)
    rmask = rows < R
    ns = j0 + tl.arange(0, WIDTH)
              ^
[14/26] SKIP reduction/{'R': 2048, 'C': 2048, 'NOUT': 96, 'GS': 16, 'dtype': 'float32'}: CompilationError: at 8:14:
def _sibling_redux(x_ptr, w_ptr, o_ptr, R, C, j0, WIDTH: tl.constexpr, NOUT_TOTAL
Traceback (most recent call last):
  File "/home/shuhan/miniconda3/envs/profiling/lib/python3.13/site-packages/triton/language/core.py", line 34, in wrapper
    return fn(*args, **kwargs)
  File "/home/shuhan/miniconda3/envs/profiling/lib/python3.13/site-packages/triton/language/core.py", line 1451, in arange
    return semantic.arange(start, end, _builder)
           ~~~~~~~~~~~~~~~^^^^^^^^^^^^^^^^^^^^^^
  File "/home/shuhan/miniconda3/envs/profiling/lib/python3.13/site-packages/triton/language/semantic.py", line 623, in arange
    raise ValueError("arange's range must be a power of 2")
ValueError: arange's range must be a power of 2

The above exception was the direct cause of the following exception:

Traceback (most recent call last):
  File "/home/shuhan/fusion-anaylsis/fusion/profile.py", line 53, in main
    case, sf, su = static_for(family, params)
                   ~~~~~~~~~~^^^^^^^^^^^^^^^^
  File "/home/shuhan/fusion-anaylsis/fusion/profile.py", line 25, in static_for
    case = FAMILIES[family].make_case(dtype=dt, **p)
  File "/home/shuhan/fusion-anaylsis/fusion/kernels/reduction.py", line 68, in make_case
    fk = _sibling_redux[grid_r](x, w, o, R, C, 0, WIDTH=NOUT, NOUT_TOTAL=NOUT,
                                BLOCK_R=BLOCK_R, BLOCK_C=BLOCK_C, num_warps=num_warps)
  File "/home/shuhan/miniconda3/envs/profiling/lib/python3.13/site-packages/triton/runtime/jit.py", line 347, in <lambda>
    return lambda *args, **kwargs: self.run(grid=grid, warmup=False, *args, **kwargs)
                                   ~~~~~~~~^^^^^^^^^^^^^^^^^^^^^^^^^^^^^^^^^^^^^^^^^^
  File "/home/shuhan/miniconda3/envs/profiling/lib/python3.13/site-packages/triton/runtime/jit.py", line 569, in run
    kernel = self.compile(src, target=target, options=options.__dict__)
  File "/home/shuhan/miniconda3/envs/profiling/lib/python3.13/site-packages/triton/compiler/compiler.py", line 278, in compile
    module = src.make_ir(options, codegen_fns, module_map, context)
  File "/home/shuhan/miniconda3/envs/profiling/lib/python3.13/site-packages/triton/compiler/compiler.py", line 81, in make_ir
    return ast_to_ttir(self.fn, self, context=context, options=options, codegen_fns=codegen_fns,
                       module_map=module_map)
triton.compiler.errors.CompilationError: at 8:14:
def _sibling_redux(x_ptr, w_ptr, o_ptr, R, C, j0, WIDTH: tl.constexpr, NOUT_TOTAL: tl.constexpr,
                   BLOCK_R: tl.constexpr, BLOCK_C: tl.constexpr):
    """Compute WIDTH output columns [j0, j0+WIDTH) for a row-tile. gelu(X) @ W[j0:j0+WIDTH]^T
    via a broadcast reduction (no tensor cores) so registers scale with WIDTH."""
    pid = tl.program_id(0)
    rows = pid * BLOCK_R + tl.arange(0, BLOCK_R)
    rmask = rows < R
    ns = j0 + tl.arange(0, WIDTH)
              ^
[15/26] sibling_redux_n128   float16 occ(an=100 ncu_th=100) spill=3.1e+10 bank=1.4e+06 dom=spill
[16/26] sibling_redux_n128   float32 occ(an=100 ncu_th=100) spill=3e+10 bank=5.2e+05 dom=spill
[17/26] sibling_redux_n16    float16 occ(an=33 ncu_th=33) spill=0 bank=1.2e+05 dom=none
[18/26] sibling_redux_n16    float32 occ(an=33 ncu_th=33) spill=0 bank=1.8e+04 dom=none
[19/26] sibling_redux_n32    float16 occ(an=17 ncu_th=17) spill=0 bank=1.2e+05 dom=none
[20/26] sibling_redux_n32    float32 occ(an=17 ncu_th=17) spill=0 bank=3.5e+03 dom=none
[21/26] sibling_redux_n64    float16 occ(an=17 ncu_th=17) spill=3.1e+08 bank=1.8e+05 dom=spill
[22/26] sibling_redux_n64    float32 occ(an=17 ncu_th=17) spill=3.2e+08 bank=4e+04 dom=spill
[23/26] SKIP reduction/{'R': 1024, 'C': 1024, 'NOUT': 96, 'GS': 16, 'dtype': 'float16'}: CompilationError: at 8:14:
def _sibling_redux(x_ptr, w_ptr, o_ptr, R, C, j0, WIDTH: tl.constexpr, NOUT_TOTAL
Traceback (most recent call last):
  File "/home/shuhan/miniconda3/envs/profiling/lib/python3.13/site-packages/triton/language/core.py", line 34, in wrapper
    return fn(*args, **kwargs)
  File "/home/shuhan/miniconda3/envs/profiling/lib/python3.13/site-packages/triton/language/core.py", line 1451, in arange
    return semantic.arange(start, end, _builder)
           ~~~~~~~~~~~~~~~^^^^^^^^^^^^^^^^^^^^^^
  File "/home/shuhan/miniconda3/envs/profiling/lib/python3.13/site-packages/triton/language/semantic.py", line 623, in arange
    raise ValueError("arange's range must be a power of 2")
ValueError: arange's range must be a power of 2

The above exception was the direct cause of the following exception:

Traceback (most recent call last):
  File "/home/shuhan/fusion-anaylsis/fusion/profile.py", line 53, in main
    case, sf, su = static_for(family, params)
                   ~~~~~~~~~~^^^^^^^^^^^^^^^^
  File "/home/shuhan/fusion-anaylsis/fusion/profile.py", line 25, in static_for
    case = FAMILIES[family].make_case(dtype=dt, **p)
  File "/home/shuhan/fusion-anaylsis/fusion/kernels/reduction.py", line 68, in make_case
    fk = _sibling_redux[grid_r](x, w, o, R, C, 0, WIDTH=NOUT, NOUT_TOTAL=NOUT,
                                BLOCK_R=BLOCK_R, BLOCK_C=BLOCK_C, num_warps=num_warps)
  File "/home/shuhan/miniconda3/envs/profiling/lib/python3.13/site-packages/triton/runtime/jit.py", line 347, in <lambda>
    return lambda *args, **kwargs: self.run(grid=grid, warmup=False, *args, **kwargs)
                                   ~~~~~~~~^^^^^^^^^^^^^^^^^^^^^^^^^^^^^^^^^^^^^^^^^^
  File "/home/shuhan/miniconda3/envs/profiling/lib/python3.13/site-packages/triton/runtime/jit.py", line 569, in run
    kernel = self.compile(src, target=target, options=options.__dict__)
  File "/home/shuhan/miniconda3/envs/profiling/lib/python3.13/site-packages/triton/compiler/compiler.py", line 278, in compile
    module = src.make_ir(options, codegen_fns, module_map, context)
  File "/home/shuhan/miniconda3/envs/profiling/lib/python3.13/site-packages/triton/compiler/compiler.py", line 81, in make_ir
    return ast_to_ttir(self.fn, self, context=context, options=options, codegen_fns=codegen_fns,
                       module_map=module_map)
triton.compiler.errors.CompilationError: at 8:14:
def _sibling_redux(x_ptr, w_ptr, o_ptr, R, C, j0, WIDTH: tl.constexpr, NOUT_TOTAL: tl.constexpr,
                   BLOCK_R: tl.constexpr, BLOCK_C: tl.constexpr):
    """Compute WIDTH output columns [j0, j0+WIDTH) for a row-tile. gelu(X) @ W[j0:j0+WIDTH]^T
    via a broadcast reduction (no tensor cores) so registers scale with WIDTH."""
    pid = tl.program_id(0)
    rows = pid * BLOCK_R + tl.arange(0, BLOCK_R)
    rmask = rows < R
    ns = j0 + tl.arange(0, WIDTH)
              ^
[24/26] SKIP reduction/{'R': 1024, 'C': 1024, 'NOUT': 96, 'GS': 16, 'dtype': 'float32'}: CompilationError: at 8:14:
def _sibling_redux(x_ptr, w_ptr, o_ptr, R, C, j0, WIDTH: tl.constexpr, NOUT_TOTAL
Traceback (most recent call last):
  File "/home/shuhan/miniconda3/envs/profiling/lib/python3.13/site-packages/triton/language/core.py", line 34, in wrapper
    return fn(*args, **kwargs)
  File "/home/shuhan/miniconda3/envs/profiling/lib/python3.13/site-packages/triton/language/core.py", line 1451, in arange
    return semantic.arange(start, end, _builder)
           ~~~~~~~~~~~~~~~^^^^^^^^^^^^^^^^^^^^^^
  File "/home/shuhan/miniconda3/envs/profiling/lib/python3.13/site-packages/triton/language/semantic.py", line 623, in arange
    raise ValueError("arange's range must be a power of 2")
ValueError: arange's range must be a power of 2

The above exception was the direct cause of the following exception:

Traceback (most recent call last):
  File "/home/shuhan/fusion-anaylsis/fusion/profile.py", line 53, in main
    case, sf, su = static_for(family, params)
                   ~~~~~~~~~~^^^^^^^^^^^^^^^^
  File "/home/shuhan/fusion-anaylsis/fusion/profile.py", line 25, in static_for
    case = FAMILIES[family].make_case(dtype=dt, **p)
  File "/home/shuhan/fusion-anaylsis/fusion/kernels/reduction.py", line 68, in make_case
    fk = _sibling_redux[grid_r](x, w, o, R, C, 0, WIDTH=NOUT, NOUT_TOTAL=NOUT,
                                BLOCK_R=BLOCK_R, BLOCK_C=BLOCK_C, num_warps=num_warps)
  File "/home/shuhan/miniconda3/envs/profiling/lib/python3.13/site-packages/triton/runtime/jit.py", line 347, in <lambda>
    return lambda *args, **kwargs: self.run(grid=grid, warmup=False, *args, **kwargs)
                                   ~~~~~~~~^^^^^^^^^^^^^^^^^^^^^^^^^^^^^^^^^^^^^^^^^^
  File "/home/shuhan/miniconda3/envs/profiling/lib/python3.13/site-packages/triton/runtime/jit.py", line 569, in run
    kernel = self.compile(src, target=target, options=options.__dict__)
  File "/home/shuhan/miniconda3/envs/profiling/lib/python3.13/site-packages/triton/compiler/compiler.py", line 278, in compile
    module = src.make_ir(options, codegen_fns, module_map, context)
  File "/home/shuhan/miniconda3/envs/profiling/lib/python3.13/site-packages/triton/compiler/compiler.py", line 81, in make_ir
    return ast_to_ttir(self.fn, self, context=context, options=options, codegen_fns=codegen_fns,
                       module_map=module_map)
triton.compiler.errors.CompilationError: at 8:14:
def _sibling_redux(x_ptr, w_ptr, o_ptr, R, C, j0, WIDTH: tl.constexpr, NOUT_TOTAL: tl.constexpr,
                   BLOCK_R: tl.constexpr, BLOCK_C: tl.constexpr):
    """Compute WIDTH output columns [j0, j0+WIDTH) for a row-tile. gelu(X) @ W[j0:j0+WIDTH]^T
    via a broadcast reduction (no tensor cores) so registers scale with WIDTH."""
    pid = tl.program_id(0)
    rows = pid * BLOCK_R + tl.arange(0, BLOCK_R)
    rmask = rows < R
    ns = j0 + tl.arange(0, WIDTH)
              ^
[25/26] sibling_redux_n128   float16 occ(an=100 ncu_th=100) spill=7.9e+09 bank=3.4e+05 dom=spill
[26/26] sibling_redux_n128   float32 occ(an=100 ncu_th=100) spill=7.6e+09 bank=1.3e+05 dom=spill
[profile] wrote 22 rows in 181s
